{"/Users/shankyrana/dev/influence/influence.io/admin/controllers/Admin.js":{"path":"/Users/shankyrana/dev/influence/influence.io/admin/controllers/Admin.js","statementMap":{"0":{"start":{"line":3,"column":13},"end":{"line":3,"column":28}},"1":{"start":{"line":4,"column":13},"end":{"line":4,"column":46}},"2":{"start":{"line":10,"column":0},"end":{"line":71,"column":2}},"3":{"start":{"line":12,"column":4},"end":{"line":16,"column":5}},"4":{"start":{"line":13,"column":6},"end":{"line":13,"column":55}},"5":{"start":{"line":15,"column":6},"end":{"line":15,"column":73}},"6":{"start":{"line":20,"column":4},"end":{"line":36,"column":5}},"7":{"start":{"line":21,"column":31},"end":{"line":21,"column":47}},"8":{"start":{"line":22,"column":24},"end":{"line":22,"column":91}},"9":{"start":{"line":24,"column":6},"end":{"line":24,"column":39}},"10":{"start":{"line":26,"column":6},"end":{"line":26,"column":49}},"11":{"start":{"line":28,"column":6},"end":{"line":28,"column":84}},"12":{"start":{"line":30,"column":6},"end":{"line":30,"column":29}},"13":{"start":{"line":32,"column":6},"end":{"line":32,"column":22}},"14":{"start":{"line":34,"column":6},"end":{"line":34,"column":38}},"15":{"start":{"line":35,"column":6},"end":{"line":35,"column":73}},"16":{"start":{"line":40,"column":4},"end":{"line":50,"column":5}},"17":{"start":{"line":41,"column":22},"end":{"line":45,"column":12}},"18":{"start":{"line":42,"column":8},"end":{"line":42,"column":54}},"19":{"start":{"line":44,"column":8},"end":{"line":44,"column":19}},"20":{"start":{"line":47,"column":6},"end":{"line":47,"column":28}},"21":{"start":{"line":49,"column":6},"end":{"line":49,"column":73}},"22":{"start":{"line":54,"column":4},"end":{"line":69,"column":5}},"23":{"start":{"line":55,"column":25},"end":{"line":55,"column":35}},"24":{"start":{"line":56,"column":24},"end":{"line":56,"column":91}},"25":{"start":{"line":58,"column":6},"end":{"line":58,"column":39}},"26":{"start":{"line":60,"column":6},"end":{"line":60,"column":51}},"27":{"start":{"line":61,"column":6},"end":{"line":61,"column":52}},"28":{"start":{"line":63,"column":6},"end":{"line":63,"column":29}},"29":{"start":{"line":65,"column":6},"end":{"line":65,"column":22}},"30":{"start":{"line":67,"column":6},"end":{"line":67,"column":38}},"31":{"start":{"line":68,"column":6},"end":{"line":68,"column":73}}},"fnMap":{"0":{"name":"(anonymous_0)","decl":{"start":{"line":11,"column":25},"end":{"line":11,"column":26}},"loc":{"start":{"line":11,"column":38},"end":{"line":17,"column":3}},"line":11},"1":{"name":"(anonymous_1)","decl":{"start":{"line":19,"column":17},"end":{"line":19,"column":18}},"loc":{"start":{"line":19,"column":30},"end":{"line":37,"column":3}},"line":19},"2":{"name":"(anonymous_2)","decl":{"start":{"line":39,"column":11},"end":{"line":39,"column":12}},"loc":{"start":{"line":39,"column":24},"end":{"line":51,"column":3}},"line":39},"3":{"name":"(anonymous_3)","decl":{"start":{"line":41,"column":57},"end":{"line":41,"column":58}},"loc":{"start":{"line":41,"column":71},"end":{"line":45,"column":7}},"line":41},"4":{"name":"(anonymous_4)","decl":{"start":{"line":53,"column":19},"end":{"line":53,"column":20}},"loc":{"start":{"line":53,"column":32},"end":{"line":70,"column":3}},"line":53}},"branchMap":{"0":{"loc":{"start":{"line":28,"column":50},"end":{"line":28,"column":80}},"type":"cond-expr","locations":[{"start":{"line":28,"column":68},"end":{"line":28,"column":75}},{"start":{"line":28,"column":78},"end":{"line":28,"column":80}}],"line":28}},"s":{"0":1,"1":1,"2":1,"3":0,"4":0,"5":0,"6":0,"7":0,"8":0,"9":0,"10":0,"11":0,"12":0,"13":0,"14":0,"15":0,"16":0,"17":0,"18":0,"19":0,"20":0,"21":0,"22":0,"23":0,"24":0,"25":0,"26":0,"27":0,"28":0,"29":0,"30":0,"31":0},"f":{"0":0,"1":0,"2":0,"3":0,"4":0},"b":{"0":[0,0]},"_coverageSchema":"d34fc3e6b8297bcde183f5492bcb8fcb36775295","hash":"e212bf4512d037cd1955ac360698012daf3b55ea","contentHash":"8464613d0c8c0c3d664bdcd764b3996b"},"/Users/shankyrana/dev/influence/influence.io/api/payment/config/invoiceTemplate.js":{"path":"/Users/shankyrana/dev/influence/influence.io/api/payment/config/invoiceTemplate.js","statementMap":{"0":{"start":{"line":1,"column":13},"end":{"line":1,"column":30}},"1":{"start":{"line":3,"column":24},"end":{"line":207,"column":1}},"2":{"start":{"line":4,"column":13},"end":{"line":205,"column":3}},"3":{"start":{"line":206,"column":2},"end":{"line":206,"column":14}},"4":{"start":{"line":209,"column":0},"end":{"line":209,"column":33}}},"fnMap":{"0":{"name":"(anonymous_0)","decl":{"start":{"line":3,"column":24},"end":{"line":3,"column":25}},"loc":{"start":{"line":3,"column":43},"end":{"line":207,"column":1}},"line":3}},"branchMap":{},"s":{"0":1,"1":1,"2":0,"3":0,"4":1},"f":{"0":0},"b":{},"_coverageSchema":"d34fc3e6b8297bcde183f5492bcb8fcb36775295","hash":"04b66777af0301f036370bef4eed426306e7935a","contentHash":"91022c019a66819014fa23e1e1b24184"},"/Users/shankyrana/dev/influence/influence.io/api/affiliate/controllers/Affiliate.js":{"path":"/Users/shankyrana/dev/influence/influence.io/api/affiliate/controllers/Affiliate.js","statementMap":{"0":{"start":{"line":9,"column":0},"end":{"line":92,"column":2}},"1":{"start":{"line":18,"column":17},"end":{"line":18,"column":88}},"2":{"start":{"line":21,"column":4},"end":{"line":21,"column":19}},"3":{"start":{"line":31,"column":17},"end":{"line":31,"column":73}},"4":{"start":{"line":34,"column":4},"end":{"line":34,"column":19}},"5":{"start":{"line":44,"column":4},"end":{"line":46,"column":5}},"6":{"start":{"line":45,"column":6},"end":{"line":45,"column":28}},"7":{"start":{"line":48,"column":17},"end":{"line":48,"column":66}},"8":{"start":{"line":51,"column":4},"end":{"line":51,"column":19}},"9":{"start":{"line":61,"column":17},"end":{"line":61,"column":70}},"10":{"start":{"line":64,"column":4},"end":{"line":64,"column":22}},"11":{"start":{"line":74,"column":17},"end":{"line":74,"column":83}},"12":{"start":{"line":77,"column":4},"end":{"line":77,"column":19}},"13":{"start":{"line":87,"column":17},"end":{"line":87,"column":67}},"14":{"start":{"line":90,"column":4},"end":{"line":90,"column":19}}},"fnMap":{"0":{"name":"(anonymous_0)","decl":{"start":{"line":17,"column":9},"end":{"line":17,"column":10}},"loc":{"start":{"line":17,"column":24},"end":{"line":22,"column":3}},"line":17},"1":{"name":"(anonymous_1)","decl":{"start":{"line":30,"column":8},"end":{"line":30,"column":9}},"loc":{"start":{"line":30,"column":23},"end":{"line":35,"column":3}},"line":30},"2":{"name":"(anonymous_2)","decl":{"start":{"line":43,"column":11},"end":{"line":43,"column":12}},"loc":{"start":{"line":43,"column":26},"end":{"line":52,"column":3}},"line":43},"3":{"name":"(anonymous_3)","decl":{"start":{"line":60,"column":10},"end":{"line":60,"column":11}},"loc":{"start":{"line":60,"column":25},"end":{"line":65,"column":3}},"line":60},"4":{"name":"(anonymous_4)","decl":{"start":{"line":73,"column":10},"end":{"line":73,"column":11}},"loc":{"start":{"line":73,"column":31},"end":{"line":78,"column":3}},"line":73},"5":{"name":"(anonymous_5)","decl":{"start":{"line":86,"column":11},"end":{"line":86,"column":12}},"loc":{"start":{"line":86,"column":32},"end":{"line":91,"column":3}},"line":86}},"branchMap":{"0":{"loc":{"start":{"line":44,"column":4},"end":{"line":46,"column":5}},"type":"if","locations":[{"start":{"line":44,"column":4},"end":{"line":46,"column":5}},{"start":{"line":44,"column":4},"end":{"line":46,"column":5}}],"line":44}},"s":{"0":1,"1":0,"2":0,"3":1,"4":1,"5":1,"6":0,"7":1,"8":1,"9":1,"10":1,"11":1,"12":1,"13":1,"14":1},"f":{"0":0,"1":1,"2":1,"3":1,"4":1,"5":1},"b":{"0":[0,1]},"_coverageSchema":"d34fc3e6b8297bcde183f5492bcb8fcb36775295","hash":"014df94a095905fa1c70cb2f8ccddee4860603ab","contentHash":"d289cbdd741e7a76d060b7f2667fc964"},"/Users/shankyrana/dev/influence/influence.io/api/affiliate/models/Affiliate.js":{"path":"/Users/shankyrana/dev/influence/influence.io/api/affiliate/models/Affiliate.js","statementMap":{"0":{"start":{"line":7,"column":0},"end":{"line":54,"column":2}}},"fnMap":{},"branchMap":{},"s":{"0":1},"f":{},"b":{},"_coverageSchema":"d34fc3e6b8297bcde183f5492bcb8fcb36775295","hash":"145a8e23e405826134ac0de84959c378ce2c22ca","contentHash":"2f0a51be70307f34b092ca92e198e57f"},"/Users/shankyrana/dev/influence/influence.io/api/affiliate/services/Affiliate.js":{"path":"/Users/shankyrana/dev/influence/influence.io/api/affiliate/services/Affiliate.js","statementMap":{"0":{"start":{"line":10,"column":10},"end":{"line":10,"column":27}},"1":{"start":{"line":12,"column":0},"end":{"line":273,"column":2}},"2":{"start":{"line":44,"column":4},"end":{"line":44,"column":130}},"3":{"start":{"line":88,"column":18},"end":{"line":90,"column":5}},"4":{"start":{"line":91,"column":28},"end":{"line":91,"column":81}},"5":{"start":{"line":93,"column":4},"end":{"line":99,"column":125}},"6":{"start":{"line":143,"column":4},"end":{"line":145,"column":125}},"7":{"start":{"line":185,"column":17},"end":{"line":185,"column":121}},"8":{"start":{"line":186,"column":4},"end":{"line":186,"column":16}},"9":{"start":{"line":224,"column":4},"end":{"line":224,"column":61}},"10":{"start":{"line":258,"column":17},"end":{"line":259,"column":124}},"11":{"start":{"line":261,"column":4},"end":{"line":269,"column":7}},"12":{"start":{"line":262,"column":21},"end":{"line":262,"column":139}},"13":{"start":{"line":263,"column":21},"end":{"line":263,"column":135}},"14":{"start":{"line":265,"column":6},"end":{"line":268,"column":25}},"15":{"start":{"line":271,"column":4},"end":{"line":271,"column":16}}},"fnMap":{"0":{"name":"(anonymous_0)","decl":{"start":{"line":43,"column":9},"end":{"line":43,"column":10}},"loc":{"start":{"line":43,"column":30},"end":{"line":45,"column":3}},"line":43},"1":{"name":"(anonymous_1)","decl":{"start":{"line":87,"column":12},"end":{"line":87,"column":13}},"loc":{"start":{"line":87,"column":22},"end":{"line":100,"column":3}},"line":87},"2":{"name":"(anonymous_2)","decl":{"start":{"line":142,"column":9},"end":{"line":142,"column":10}},"loc":{"start":{"line":142,"column":21},"end":{"line":146,"column":3}},"line":142},"3":{"name":"(anonymous_3)","decl":{"start":{"line":184,"column":7},"end":{"line":184,"column":8}},"loc":{"start":{"line":184,"column":25},"end":{"line":187,"column":3}},"line":184},"4":{"name":"(anonymous_4)","decl":{"start":{"line":220,"column":8},"end":{"line":220,"column":9}},"loc":{"start":{"line":220,"column":34},"end":{"line":225,"column":3}},"line":220},"5":{"name":"(anonymous_5)","decl":{"start":{"line":255,"column":10},"end":{"line":255,"column":11}},"loc":{"start":{"line":255,"column":26},"end":{"line":272,"column":3}},"line":255},"6":{"name":"(anonymous_6)","decl":{"start":{"line":261,"column":38},"end":{"line":261,"column":39}},"loc":{"start":{"line":261,"column":59},"end":{"line":269,"column":5}},"line":261}},"branchMap":{"0":{"loc":{"start":{"line":89,"column":24},"end":{"line":89,"column":42}},"type":"cond-expr","locations":[{"start":{"line":89,"column":29},"end":{"line":89,"column":37}},{"start":{"line":89,"column":38},"end":{"line":89,"column":42}}],"line":89},"1":{"loc":{"start":{"line":262,"column":21},"end":{"line":262,"column":139}},"type":"cond-expr","locations":[{"start":{"line":262,"column":63},"end":{"line":262,"column":94}},{"start":{"line":262,"column":97},"end":{"line":262,"column":139}}],"line":262},"2":{"loc":{"start":{"line":263,"column":21},"end":{"line":263,"column":135}},"type":"cond-expr","locations":[{"start":{"line":263,"column":63},"end":{"line":263,"column":90}},{"start":{"line":263,"column":93},"end":{"line":263,"column":135}}],"line":263},"3":{"loc":{"start":{"line":265,"column":26},"end":{"line":265,"column":69}},"type":"binary-expr","locations":[{"start":{"line":265,"column":26},"end":{"line":265,"column":43}},{"start":{"line":265,"column":47},"end":{"line":265,"column":69}}],"line":265}},"s":{"0":1,"1":1,"2":0,"3":1,"4":1,"5":1,"6":1,"7":1,"8":1,"9":1,"10":1,"11":1,"12":2,"13":2,"14":2,"15":1},"f":{"0":0,"1":1,"2":1,"3":1,"4":1,"5":1,"6":2},"b":{"0":[1,0],"1":[0,2],"2":[0,2],"3":[2,0]},"_coverageSchema":"d34fc3e6b8297bcde183f5492bcb8fcb36775295","hash":"56f6e6c5adeedb4f74d6900a4ee381bd49a9f299","contentHash":"fcae1ab2b2b2901c2d4e5d5a001f0ee3"},"/Users/shankyrana/dev/influence/influence.io/api/campaign/controllers/Campaign.js":{"path":"/Users/shankyrana/dev/influence/influence.io/api/campaign/controllers/Campaign.js","statementMap":{"0":{"start":{"line":9,"column":0},"end":{"line":138,"column":2}},"1":{"start":{"line":18,"column":17},"end":{"line":18,"column":31}},"2":{"start":{"line":19,"column":17},"end":{"line":19,"column":76}},"3":{"start":{"line":22,"column":4},"end":{"line":22,"column":19}},"4":{"start":{"line":32,"column":19},"end":{"line":32,"column":35}},"5":{"start":{"line":33,"column":17},"end":{"line":33,"column":75}},"6":{"start":{"line":36,"column":4},"end":{"line":36,"column":19}},"7":{"start":{"line":46,"column":17},"end":{"line":46,"column":67}},"8":{"start":{"line":49,"column":4},"end":{"line":49,"column":19}},"9":{"start":{"line":59,"column":4},"end":{"line":61,"column":5}},"10":{"start":{"line":60,"column":6},"end":{"line":60,"column":28}},"11":{"start":{"line":63,"column":17},"end":{"line":63,"column":65}},"12":{"start":{"line":66,"column":4},"end":{"line":66,"column":19}},"13":{"start":{"line":80,"column":17},"end":{"line":80,"column":75}},"14":{"start":{"line":83,"column":4},"end":{"line":83,"column":19}},"15":{"start":{"line":93,"column":17},"end":{"line":93,"column":85}},"16":{"start":{"line":95,"column":4},"end":{"line":95,"column":22}},"17":{"start":{"line":105,"column":17},"end":{"line":105,"column":82}},"18":{"start":{"line":108,"column":4},"end":{"line":108,"column":19}},"19":{"start":{"line":118,"column":17},"end":{"line":118,"column":66}},"20":{"start":{"line":121,"column":4},"end":{"line":121,"column":19}},"21":{"start":{"line":131,"column":17},"end":{"line":131,"column":31}},"22":{"start":{"line":132,"column":17},"end":{"line":132,"column":40}},"23":{"start":{"line":133,"column":17},"end":{"line":133,"column":86}},"24":{"start":{"line":136,"column":4},"end":{"line":136,"column":19}}},"fnMap":{"0":{"name":"(anonymous_0)","decl":{"start":{"line":17,"column":21},"end":{"line":17,"column":22}},"loc":{"start":{"line":17,"column":36},"end":{"line":23,"column":3}},"line":17},"1":{"name":"(anonymous_1)","decl":{"start":{"line":31,"column":23},"end":{"line":31,"column":24}},"loc":{"start":{"line":31,"column":38},"end":{"line":37,"column":3}},"line":31},"2":{"name":"(anonymous_2)","decl":{"start":{"line":45,"column":8},"end":{"line":45,"column":9}},"loc":{"start":{"line":45,"column":23},"end":{"line":50,"column":3}},"line":45},"3":{"name":"(anonymous_3)","decl":{"start":{"line":58,"column":11},"end":{"line":58,"column":12}},"loc":{"start":{"line":58,"column":26},"end":{"line":67,"column":3}},"line":58},"4":{"name":"(anonymous_4)","decl":{"start":{"line":75,"column":21},"end":{"line":75,"column":22}},"loc":{"start":{"line":75,"column":36},"end":{"line":84,"column":3}},"line":75},"5":{"name":"(anonymous_5)","decl":{"start":{"line":92,"column":10},"end":{"line":92,"column":11}},"loc":{"start":{"line":92,"column":25},"end":{"line":96,"column":3}},"line":92},"6":{"name":"(anonymous_6)","decl":{"start":{"line":104,"column":10},"end":{"line":104,"column":11}},"loc":{"start":{"line":104,"column":31},"end":{"line":109,"column":3}},"line":104},"7":{"name":"(anonymous_7)","decl":{"start":{"line":117,"column":11},"end":{"line":117,"column":12}},"loc":{"start":{"line":117,"column":32},"end":{"line":122,"column":3}},"line":117},"8":{"name":"(anonymous_8)","decl":{"start":{"line":130,"column":25},"end":{"line":130,"column":26}},"loc":{"start":{"line":130,"column":40},"end":{"line":137,"column":3}},"line":130}},"branchMap":{"0":{"loc":{"start":{"line":59,"column":4},"end":{"line":61,"column":5}},"type":"if","locations":[{"start":{"line":59,"column":4},"end":{"line":61,"column":5}},{"start":{"line":59,"column":4},"end":{"line":61,"column":5}}],"line":59}},"s":{"0":1,"1":1,"2":1,"3":1,"4":0,"5":0,"6":0,"7":0,"8":0,"9":1,"10":0,"11":1,"12":1,"13":0,"14":0,"15":4,"16":4,"17":1,"18":1,"19":4,"20":4,"21":0,"22":0,"23":0,"24":0},"f":{"0":1,"1":0,"2":0,"3":1,"4":0,"5":4,"6":1,"7":4,"8":0},"b":{"0":[0,1]},"_coverageSchema":"d34fc3e6b8297bcde183f5492bcb8fcb36775295","hash":"dec0e2d1105822c04e5f83e6b7f1625b62475ad7","contentHash":"550afa069d0fcedcc3af47ba754383de"},"/Users/shankyrana/dev/influence/influence.io/api/campaign/models/Campaign.js":{"path":"/Users/shankyrana/dev/influence/influence.io/api/campaign/models/Campaign.js","statementMap":{"0":{"start":{"line":7,"column":13},"end":{"line":7,"column":30}},"1":{"start":{"line":9,"column":0},"end":{"line":87,"column":2}},"2":{"start":{"line":36,"column":4},"end":{"line":36,"column":38}},"3":{"start":{"line":43,"column":24},"end":{"line":49,"column":5}},"4":{"start":{"line":51,"column":26},"end":{"line":51,"column":51}},"5":{"start":{"line":52,"column":25},"end":{"line":52,"column":49}},"6":{"start":{"line":55,"column":4},"end":{"line":59,"column":6}},"7":{"start":{"line":61,"column":4},"end":{"line":61,"column":60}},"8":{"start":{"line":62,"column":4},"end":{"line":62,"column":57}},"9":{"start":{"line":64,"column":4},"end":{"line":64,"column":76}},"10":{"start":{"line":65,"column":4},"end":{"line":65,"column":56}},"11":{"start":{"line":66,"column":4},"end":{"line":66,"column":38}},"12":{"start":{"line":69,"column":4},"end":{"line":69,"column":84}}},"fnMap":{"0":{"name":"(anonymous_0)","decl":{"start":{"line":35,"column":16},"end":{"line":35,"column":17}},"loc":{"start":{"line":35,"column":33},"end":{"line":37,"column":3}},"line":35},"1":{"name":"(anonymous_1)","decl":{"start":{"line":41,"column":15},"end":{"line":41,"column":16}},"loc":{"start":{"line":41,"column":49},"end":{"line":70,"column":3}},"line":41}},"branchMap":{},"s":{"0":1,"1":1,"2":4,"3":4,"4":4,"5":4,"6":4,"7":4,"8":4,"9":4,"10":4,"11":4,"12":4},"f":{"0":4,"1":4},"b":{},"_coverageSchema":"d34fc3e6b8297bcde183f5492bcb8fcb36775295","hash":"67b7b4428212bcf4c5765850766d8923030f45dd","contentHash":"8d0a088b219b290b40a3087346dd6437"},"/Users/shankyrana/dev/influence/influence.io/api/campaign/services/Campaign.js":{"path":"/Users/shankyrana/dev/influence/influence.io/api/campaign/services/Campaign.js","statementMap":{"0":{"start":{"line":10,"column":10},"end":{"line":10,"column":27}},"1":{"start":{"line":11,"column":19},"end":{"line":11,"column":41}},"2":{"start":{"line":13,"column":18},"end":{"line":25,"column":1}},"3":{"start":{"line":27,"column":27},"end":{"line":82,"column":1}},"4":{"start":{"line":84,"column":21},"end":{"line":92,"column":1}},"5":{"start":{"line":85,"column":2},"end":{"line":91,"column":3}},"6":{"start":{"line":86,"column":4},"end":{"line":88,"column":7}},"7":{"start":{"line":87,"column":6},"end":{"line":87,"column":26}},"8":{"start":{"line":90,"column":4},"end":{"line":90,"column":18}},"9":{"start":{"line":94,"column":17},"end":{"line":102,"column":1}},"10":{"start":{"line":95,"column":2},"end":{"line":101,"column":3}},"11":{"start":{"line":96,"column":4},"end":{"line":98,"column":7}},"12":{"start":{"line":97,"column":6},"end":{"line":97,"column":26}},"13":{"start":{"line":100,"column":4},"end":{"line":100,"column":18}},"14":{"start":{"line":104,"column":0},"end":{"line":655,"column":2}},"15":{"start":{"line":156,"column":20},"end":{"line":158,"column":39}},"16":{"start":{"line":158,"column":20},"end":{"line":158,"column":38}},"17":{"start":{"line":160,"column":18},"end":{"line":162,"column":5}},"18":{"start":{"line":163,"column":28},"end":{"line":163,"column":80}},"19":{"start":{"line":165,"column":4},"end":{"line":171,"column":124}},"20":{"start":{"line":181,"column":15},"end":{"line":181,"column":94}},"21":{"start":{"line":182,"column":18},"end":{"line":182,"column":67}},"22":{"start":{"line":184,"column":2},"end":{"line":189,"column":3}},"23":{"start":{"line":185,"column":20},"end":{"line":185,"column":65}},"24":{"start":{"line":186,"column":3},"end":{"line":186,"column":33}},"25":{"start":{"line":188,"column":3},"end":{"line":188,"column":67}},"26":{"start":{"line":201,"column":28},"end":{"line":201,"column":81}},"27":{"start":{"line":203,"column":4},"end":{"line":209,"column":124}},"28":{"start":{"line":219,"column":4},"end":{"line":221,"column":124}},"29":{"start":{"line":232,"column":2},"end":{"line":244,"column":23}},"30":{"start":{"line":244,"column":17},"end":{"line":244,"column":21}},"31":{"start":{"line":253,"column":22},"end":{"line":253,"column":37}},"32":{"start":{"line":254,"column":20},"end":{"line":254,"column":32}},"33":{"start":{"line":256,"column":2},"end":{"line":256,"column":126}},"34":{"start":{"line":257,"column":2},"end":{"line":257,"column":32}},"35":{"start":{"line":258,"column":2},"end":{"line":258,"column":31}},"36":{"start":{"line":260,"column":2},"end":{"line":268,"column":3}},"37":{"start":{"line":261,"column":18},"end":{"line":263,"column":7}},"38":{"start":{"line":264,"column":21},"end":{"line":266,"column":7}},"39":{"start":{"line":267,"column":3},"end":{"line":267,"column":94}},"40":{"start":{"line":270,"column":22},"end":{"line":278,"column":6}},"41":{"start":{"line":271,"column":6},"end":{"line":277,"column":10}},"42":{"start":{"line":273,"column":11},"end":{"line":273,"column":24}},"43":{"start":{"line":276,"column":9},"end":{"line":276,"column":22}},"44":{"start":{"line":285,"column":14},"end":{"line":291,"column":6}},"45":{"start":{"line":287,"column":6},"end":{"line":287,"column":20}},"46":{"start":{"line":290,"column":6},"end":{"line":290,"column":54}},"47":{"start":{"line":293,"column":4},"end":{"line":540,"column":5}},"48":{"start":{"line":294,"column":6},"end":{"line":294,"column":17}},"49":{"start":{"line":296,"column":16},"end":{"line":296,"column":52}},"50":{"start":{"line":303,"column":3},"end":{"line":510,"column":9}},"51":{"start":{"line":306,"column":8},"end":{"line":509,"column":11}},"52":{"start":{"line":307,"column":33},"end":{"line":307,"column":72}},"53":{"start":{"line":308,"column":10},"end":{"line":308,"column":50}},"54":{"start":{"line":309,"column":10},"end":{"line":309,"column":66}},"55":{"start":{"line":310,"column":5},"end":{"line":356,"column":6}},"56":{"start":{"line":311,"column":6},"end":{"line":353,"column":9}},"57":{"start":{"line":354,"column":6},"end":{"line":355,"column":50}},"58":{"start":{"line":357,"column":5},"end":{"line":408,"column":6}},"59":{"start":{"line":358,"column":6},"end":{"line":405,"column":9}},"60":{"start":{"line":406,"column":6},"end":{"line":407,"column":55}},"61":{"start":{"line":409,"column":5},"end":{"line":456,"column":6}},"62":{"start":{"line":410,"column":6},"end":{"line":452,"column":9}},"63":{"start":{"line":454,"column":6},"end":{"line":454,"column":68}},"64":{"start":{"line":455,"column":6},"end":{"line":455,"column":52}},"65":{"start":{"line":505,"column":10},"end":{"line":508,"column":13}},"66":{"start":{"line":506,"column":12},"end":{"line":507,"column":25}},"67":{"start":{"line":507,"column":14},"end":{"line":507,"column":25}},"68":{"start":{"line":511,"column":21},"end":{"line":511,"column":32}},"69":{"start":{"line":512,"column":3},"end":{"line":512,"column":35}},"70":{"start":{"line":513,"column":3},"end":{"line":537,"column":9}},"71":{"start":{"line":514,"column":4},"end":{"line":536,"column":5}},"72":{"start":{"line":515,"column":10},"end":{"line":515,"column":21}},"73":{"start":{"line":517,"column":5},"end":{"line":535,"column":9}},"74":{"start":{"line":518,"column":6},"end":{"line":535,"column":9}},"75":{"start":{"line":519,"column":24},"end":{"line":519,"column":108}},"76":{"start":{"line":520,"column":7},"end":{"line":520,"column":78}},"77":{"start":{"line":521,"column":24},"end":{"line":521,"column":108}},"78":{"start":{"line":522,"column":7},"end":{"line":522,"column":78}},"79":{"start":{"line":524,"column":21},"end":{"line":533,"column":10}},"80":{"start":{"line":534,"column":25},"end":{"line":534,"column":69}},"81":{"start":{"line":539,"column":3},"end":{"line":539,"column":49}},"82":{"start":{"line":553,"column":3},"end":{"line":557,"column":3}},"83":{"start":{"line":554,"column":3},"end":{"line":554,"column":136}},"84":{"start":{"line":556,"column":3},"end":{"line":556,"column":20}},"85":{"start":{"line":569,"column":4},"end":{"line":585,"column":3}},"86":{"start":{"line":570,"column":16},"end":{"line":571,"column":123}},"87":{"start":{"line":573,"column":5},"end":{"line":580,"column":8}},"88":{"start":{"line":574,"column":22},"end":{"line":574,"column":140}},"89":{"start":{"line":575,"column":22},"end":{"line":575,"column":136}},"90":{"start":{"line":577,"column":7},"end":{"line":579,"column":9}},"91":{"start":{"line":581,"column":3},"end":{"line":581,"column":15}},"92":{"start":{"line":583,"column":3},"end":{"line":583,"column":20}},"93":{"start":{"line":584,"column":3},"end":{"line":584,"column":22}},"94":{"start":{"line":596,"column":22},"end":{"line":596,"column":23}},"95":{"start":{"line":598,"column":20},"end":{"line":600,"column":39}},"96":{"start":{"line":600,"column":20},"end":{"line":600,"column":38}},"97":{"start":{"line":602,"column":18},"end":{"line":604,"column":5}},"98":{"start":{"line":606,"column":28},"end":{"line":606,"column":80}},"99":{"start":{"line":608,"column":21},"end":{"line":614,"column":35}},"100":{"start":{"line":616,"column":27},"end":{"line":616,"column":73}},"101":{"start":{"line":616,"column":57},"end":{"line":616,"column":72}},"102":{"start":{"line":617,"column":29},"end":{"line":617,"column":67}},"103":{"start":{"line":617,"column":62},"end":{"line":617,"column":66}},"104":{"start":{"line":618,"column":24},"end":{"line":618,"column":66}},"105":{"start":{"line":618,"column":57},"end":{"line":618,"column":65}},"106":{"start":{"line":620,"column":4},"end":{"line":624,"column":11}},"107":{"start":{"line":623,"column":10},"end":{"line":623,"column":31}},"108":{"start":{"line":626,"column":20},"end":{"line":626,"column":22}},"109":{"start":{"line":627,"column":15},"end":{"line":636,"column":4}},"110":{"start":{"line":628,"column":8},"end":{"line":634,"column":7}},"111":{"start":{"line":629,"column":5},"end":{"line":632,"column":6}},"112":{"start":{"line":630,"column":6},"end":{"line":630,"column":36}},"113":{"start":{"line":631,"column":6},"end":{"line":631,"column":40}},"114":{"start":{"line":633,"column":5},"end":{"line":633,"column":17}},"115":{"start":{"line":635,"column":4},"end":{"line":635,"column":16}},"116":{"start":{"line":638,"column":2},"end":{"line":638,"column":26}},"117":{"start":{"line":641,"column":22},"end":{"line":649,"column":4}},"118":{"start":{"line":642,"column":3},"end":{"line":647,"column":6}},"119":{"start":{"line":643,"column":4},"end":{"line":645,"column":5}},"120":{"start":{"line":644,"column":5},"end":{"line":644,"column":32}},"121":{"start":{"line":646,"column":4},"end":{"line":646,"column":16}},"122":{"start":{"line":648,"column":3},"end":{"line":648,"column":15}},"123":{"start":{"line":651,"column":2},"end":{"line":651,"column":35}},"124":{"start":{"line":653,"column":4},"end":{"line":653,"column":102}}},"fnMap":{"0":{"name":"(anonymous_0)","decl":{"start":{"line":84,"column":21},"end":{"line":84,"column":22}},"loc":{"start":{"line":84,"column":65},"end":{"line":92,"column":1}},"line":84},"1":{"name":"(anonymous_1)","decl":{"start":{"line":86,"column":82},"end":{"line":86,"column":83}},"loc":{"start":{"line":86,"column":87},"end":{"line":88,"column":5}},"line":86},"2":{"name":"(anonymous_2)","decl":{"start":{"line":94,"column":17},"end":{"line":94,"column":18}},"loc":{"start":{"line":94,"column":73},"end":{"line":102,"column":1}},"line":94},"3":{"name":"(anonymous_3)","decl":{"start":{"line":96,"column":95},"end":{"line":96,"column":96}},"loc":{"start":{"line":96,"column":100},"end":{"line":98,"column":5}},"line":96},"4":{"name":"(anonymous_4)","decl":{"start":{"line":154,"column":22},"end":{"line":154,"column":23}},"loc":{"start":{"line":154,"column":40},"end":{"line":172,"column":3}},"line":154},"5":{"name":"(anonymous_5)","decl":{"start":{"line":158,"column":12},"end":{"line":158,"column":13}},"loc":{"start":{"line":158,"column":20},"end":{"line":158,"column":38}},"line":158},"6":{"name":"(anonymous_6)","decl":{"start":{"line":180,"column":22},"end":{"line":180,"column":23}},"loc":{"start":{"line":180,"column":40},"end":{"line":191,"column":2}},"line":180},"7":{"name":"(anonymous_7)","decl":{"start":{"line":199,"column":12},"end":{"line":199,"column":13}},"loc":{"start":{"line":199,"column":24},"end":{"line":210,"column":3}},"line":199},"8":{"name":"(anonymous_8)","decl":{"start":{"line":218,"column":9},"end":{"line":218,"column":10}},"loc":{"start":{"line":218,"column":21},"end":{"line":222,"column":3}},"line":218},"9":{"name":"(anonymous_9)","decl":{"start":{"line":231,"column":19},"end":{"line":231,"column":20}},"loc":{"start":{"line":231,"column":31},"end":{"line":245,"column":3}},"line":231},"10":{"name":"(anonymous_10)","decl":{"start":{"line":244,"column":9},"end":{"line":244,"column":10}},"loc":{"start":{"line":244,"column":17},"end":{"line":244,"column":21}},"line":244},"11":{"name":"(anonymous_11)","decl":{"start":{"line":252,"column":7},"end":{"line":252,"column":8}},"loc":{"start":{"line":252,"column":31},"end":{"line":541,"column":3}},"line":252},"12":{"name":"(anonymous_12)","decl":{"start":{"line":270,"column":34},"end":{"line":270,"column":35}},"loc":{"start":{"line":270,"column":55},"end":{"line":278,"column":5}},"line":270},"13":{"name":"(anonymous_13)","decl":{"start":{"line":272,"column":13},"end":{"line":272,"column":14}},"loc":{"start":{"line":272,"column":22},"end":{"line":274,"column":8}},"line":272},"14":{"name":"(anonymous_14)","decl":{"start":{"line":275,"column":14},"end":{"line":275,"column":15}},"loc":{"start":{"line":275,"column":25},"end":{"line":277,"column":8}},"line":275},"15":{"name":"(anonymous_15)","decl":{"start":{"line":286,"column":10},"end":{"line":286,"column":11}},"loc":{"start":{"line":286,"column":22},"end":{"line":288,"column":5}},"line":286},"16":{"name":"(anonymous_16)","decl":{"start":{"line":289,"column":11},"end":{"line":289,"column":12}},"loc":{"start":{"line":289,"column":18},"end":{"line":291,"column":5}},"line":289},"17":{"name":"(anonymous_17)","decl":{"start":{"line":305,"column":12},"end":{"line":305,"column":13}},"loc":{"start":{"line":305,"column":35},"end":{"line":510,"column":7}},"line":305},"18":{"name":"(anonymous_18)","decl":{"start":{"line":306,"column":32},"end":{"line":306,"column":33}},"loc":{"start":{"line":306,"column":48},"end":{"line":509,"column":9}},"line":306},"19":{"name":"(anonymous_19)","decl":{"start":{"line":505,"column":49},"end":{"line":505,"column":50}},"loc":{"start":{"line":505,"column":66},"end":{"line":508,"column":11}},"line":505},"20":{"name":"(anonymous_20)","decl":{"start":{"line":513,"column":32},"end":{"line":513,"column":33}},"loc":{"start":{"line":513,"column":55},"end":{"line":537,"column":7}},"line":513},"21":{"name":"(anonymous_21)","decl":{"start":{"line":518,"column":28},"end":{"line":518,"column":29}},"loc":{"start":{"line":518,"column":42},"end":{"line":535,"column":7}},"line":518},"22":{"name":"(anonymous_22)","decl":{"start":{"line":549,"column":8},"end":{"line":549,"column":9}},"loc":{"start":{"line":549,"column":34},"end":{"line":558,"column":3}},"line":549},"23":{"name":"(anonymous_23)","decl":{"start":{"line":566,"column":10},"end":{"line":566,"column":11}},"loc":{"start":{"line":566,"column":26},"end":{"line":587,"column":3}},"line":566},"24":{"name":"(anonymous_24)","decl":{"start":{"line":573,"column":38},"end":{"line":573,"column":39}},"loc":{"start":{"line":573,"column":59},"end":{"line":580,"column":6}},"line":573},"25":{"name":"(anonymous_25)","decl":{"start":{"line":595,"column":26},"end":{"line":595,"column":27}},"loc":{"start":{"line":595,"column":50},"end":{"line":654,"column":3}},"line":595},"26":{"name":"(anonymous_26)","decl":{"start":{"line":600,"column":12},"end":{"line":600,"column":13}},"loc":{"start":{"line":600,"column":20},"end":{"line":600,"column":38}},"line":600},"27":{"name":"(anonymous_27)","decl":{"start":{"line":616,"column":49},"end":{"line":616,"column":50}},"loc":{"start":{"line":616,"column":57},"end":{"line":616,"column":72}},"line":616},"28":{"name":"(anonymous_28)","decl":{"start":{"line":617,"column":54},"end":{"line":617,"column":55}},"loc":{"start":{"line":617,"column":62},"end":{"line":617,"column":66}},"line":617},"29":{"name":"(anonymous_29)","decl":{"start":{"line":618,"column":49},"end":{"line":618,"column":50}},"loc":{"start":{"line":618,"column":57},"end":{"line":618,"column":65}},"line":618},"30":{"name":"(anonymous_30)","decl":{"start":{"line":622,"column":14},"end":{"line":622,"column":15}},"loc":{"start":{"line":622,"column":24},"end":{"line":624,"column":9}},"line":622},"31":{"name":"(anonymous_31)","decl":{"start":{"line":627,"column":36},"end":{"line":627,"column":37}},"loc":{"start":{"line":627,"column":50},"end":{"line":636,"column":3}},"line":627},"32":{"name":"(anonymous_32)","decl":{"start":{"line":628,"column":60},"end":{"line":628,"column":61}},"loc":{"start":{"line":628,"column":82},"end":{"line":634,"column":5}},"line":628},"33":{"name":"(anonymous_33)","decl":{"start":{"line":641,"column":43},"end":{"line":641,"column":44}},"loc":{"start":{"line":641,"column":57},"end":{"line":649,"column":3}},"line":641},"34":{"name":"(anonymous_34)","decl":{"start":{"line":642,"column":68},"end":{"line":642,"column":69}},"loc":{"start":{"line":642,"column":87},"end":{"line":647,"column":4}},"line":642}},"branchMap":{"0":{"loc":{"start":{"line":156,"column":49},"end":{"line":156,"column":67}},"type":"cond-expr","locations":[{"start":{"line":156,"column":56},"end":{"line":156,"column":62}},{"start":{"line":156,"column":63},"end":{"line":156,"column":67}}],"line":156},"1":{"loc":{"start":{"line":158,"column":20},"end":{"line":158,"column":38}},"type":"cond-expr","locations":[{"start":{"line":158,"column":25},"end":{"line":158,"column":33}},{"start":{"line":158,"column":34},"end":{"line":158,"column":38}}],"line":158},"2":{"loc":{"start":{"line":161,"column":15},"end":{"line":161,"column":35}},"type":"cond-expr","locations":[{"start":{"line":161,"column":23},"end":{"line":161,"column":30}},{"start":{"line":161,"column":31},"end":{"line":161,"column":35}}],"line":161},"3":{"loc":{"start":{"line":182,"column":47},"end":{"line":182,"column":65}},"type":"cond-expr","locations":[{"start":{"line":182,"column":52},"end":{"line":182,"column":60}},{"start":{"line":182,"column":61},"end":{"line":182,"column":65}}],"line":182},"4":{"loc":{"start":{"line":184,"column":2},"end":{"line":189,"column":3}},"type":"if","locations":[{"start":{"line":184,"column":2},"end":{"line":189,"column":3}},{"start":{"line":184,"column":2},"end":{"line":189,"column":3}}],"line":184},"5":{"loc":{"start":{"line":184,"column":5},"end":{"line":184,"column":20}},"type":"binary-expr","locations":[{"start":{"line":184,"column":5},"end":{"line":184,"column":9}},{"start":{"line":184,"column":13},"end":{"line":184,"column":20}}],"line":184},"6":{"loc":{"start":{"line":235,"column":17},"end":{"line":235,"column":46}},"type":"cond-expr","locations":[{"start":{"line":235,"column":24},"end":{"line":235,"column":41}},{"start":{"line":235,"column":42},"end":{"line":235,"column":46}}],"line":235},"7":{"loc":{"start":{"line":260,"column":2},"end":{"line":268,"column":3}},"type":"if","locations":[{"start":{"line":260,"column":2},"end":{"line":268,"column":3}},{"start":{"line":260,"column":2},"end":{"line":268,"column":3}}],"line":260},"8":{"loc":{"start":{"line":293,"column":4},"end":{"line":540,"column":5}},"type":"if","locations":[{"start":{"line":293,"column":4},"end":{"line":540,"column":5}},{"start":{"line":293,"column":4},"end":{"line":540,"column":5}}],"line":293},"9":{"loc":{"start":{"line":310,"column":5},"end":{"line":356,"column":6}},"type":"if","locations":[{"start":{"line":310,"column":5},"end":{"line":356,"column":6}},{"start":{"line":310,"column":5},"end":{"line":356,"column":6}}],"line":310},"10":{"loc":{"start":{"line":357,"column":5},"end":{"line":408,"column":6}},"type":"if","locations":[{"start":{"line":357,"column":5},"end":{"line":408,"column":6}},{"start":{"line":357,"column":5},"end":{"line":408,"column":6}}],"line":357},"11":{"loc":{"start":{"line":409,"column":5},"end":{"line":456,"column":6}},"type":"if","locations":[{"start":{"line":409,"column":5},"end":{"line":456,"column":6}},{"start":{"line":409,"column":5},"end":{"line":456,"column":6}}],"line":409},"12":{"loc":{"start":{"line":506,"column":12},"end":{"line":507,"column":25}},"type":"if","locations":[{"start":{"line":506,"column":12},"end":{"line":507,"column":25}},{"start":{"line":506,"column":12},"end":{"line":507,"column":25}}],"line":506},"13":{"loc":{"start":{"line":514,"column":4},"end":{"line":536,"column":5}},"type":"if","locations":[{"start":{"line":514,"column":4},"end":{"line":536,"column":5}},{"start":{"line":514,"column":4},"end":{"line":536,"column":5}}],"line":514},"14":{"loc":{"start":{"line":517,"column":5},"end":{"line":535,"column":9}},"type":"if","locations":[{"start":{"line":517,"column":5},"end":{"line":535,"column":9}},{"start":{"line":517,"column":5},"end":{"line":535,"column":9}}],"line":517},"15":{"loc":{"start":{"line":574,"column":22},"end":{"line":574,"column":140}},"type":"cond-expr","locations":[{"start":{"line":574,"column":64},"end":{"line":574,"column":95}},{"start":{"line":574,"column":98},"end":{"line":574,"column":140}}],"line":574},"16":{"loc":{"start":{"line":575,"column":22},"end":{"line":575,"column":136}},"type":"cond-expr","locations":[{"start":{"line":575,"column":64},"end":{"line":575,"column":91}},{"start":{"line":575,"column":94},"end":{"line":575,"column":136}}],"line":575},"17":{"loc":{"start":{"line":577,"column":27},"end":{"line":577,"column":70}},"type":"binary-expr","locations":[{"start":{"line":577,"column":27},"end":{"line":577,"column":44}},{"start":{"line":577,"column":48},"end":{"line":577,"column":70}}],"line":577},"18":{"loc":{"start":{"line":598,"column":49},"end":{"line":598,"column":67}},"type":"cond-expr","locations":[{"start":{"line":598,"column":56},"end":{"line":598,"column":62}},{"start":{"line":598,"column":63},"end":{"line":598,"column":67}}],"line":598},"19":{"loc":{"start":{"line":600,"column":20},"end":{"line":600,"column":38}},"type":"cond-expr","locations":[{"start":{"line":600,"column":25},"end":{"line":600,"column":33}},{"start":{"line":600,"column":34},"end":{"line":600,"column":38}}],"line":600},"20":{"loc":{"start":{"line":603,"column":15},"end":{"line":603,"column":35}},"type":"cond-expr","locations":[{"start":{"line":603,"column":23},"end":{"line":603,"column":30}},{"start":{"line":603,"column":31},"end":{"line":603,"column":35}}],"line":603},"21":{"loc":{"start":{"line":629,"column":5},"end":{"line":632,"column":6}},"type":"if","locations":[{"start":{"line":629,"column":5},"end":{"line":632,"column":6}},{"start":{"line":629,"column":5},"end":{"line":632,"column":6}}],"line":629},"22":{"loc":{"start":{"line":643,"column":4},"end":{"line":645,"column":5}},"type":"if","locations":[{"start":{"line":643,"column":4},"end":{"line":645,"column":5}},{"start":{"line":643,"column":4},"end":{"line":645,"column":5}}],"line":643}},"s":{"0":1,"1":1,"2":1,"3":1,"4":1,"5":0,"6":0,"7":0,"8":0,"9":1,"10":0,"11":0,"12":0,"13":0,"14":1,"15":1,"16":1,"17":1,"18":1,"19":1,"20":0,"21":0,"22":0,"23":0,"24":0,"25":0,"26":0,"27":0,"28":1,"29":0,"30":0,"31":4,"32":4,"33":4,"34":4,"35":4,"36":4,"37":4,"38":4,"39":4,"40":4,"41":4,"42":4,"43":0,"44":4,"45":4,"46":0,"47":4,"48":0,"49":4,"50":4,"51":4,"52":12,"53":12,"54":12,"55":12,"56":4,"57":4,"58":12,"59":4,"60":4,"61":12,"62":4,"63":4,"64":4,"65":12,"66":12,"67":0,"68":4,"69":4,"70":4,"71":4,"72":0,"73":4,"74":0,"75":0,"76":0,"77":0,"78":0,"79":0,"80":0,"81":4,"82":1,"83":1,"84":0,"85":4,"86":4,"87":4,"88":20,"89":20,"90":20,"91":4,"92":0,"93":0,"94":0,"95":0,"96":0,"97":0,"98":0,"99":0,"100":0,"101":0,"102":0,"103":0,"104":0,"105":0,"106":0,"107":0,"108":0,"109":0,"110":0,"111":0,"112":0,"113":0,"114":0,"115":0,"116":0,"117":0,"118":0,"119":0,"120":0,"121":0,"122":0,"123":0,"124":0},"f":{"0":0,"1":0,"2":0,"3":0,"4":1,"5":1,"6":0,"7":0,"8":1,"9":0,"10":0,"11":4,"12":4,"13":4,"14":0,"15":4,"16":0,"17":4,"18":12,"19":12,"20":4,"21":0,"22":1,"23":4,"24":20,"25":0,"26":0,"27":0,"28":0,"29":0,"30":0,"31":0,"32":0,"33":0,"34":0},"b":{"0":[1,0],"1":[1,0],"2":[1,0],"3":[0,0],"4":[0,0],"5":[0,0],"6":[0,0],"7":[4,0],"8":[0,4],"9":[4,8],"10":[4,8],"11":[4,8],"12":[0,12],"13":[0,4],"14":[0,4],"15":[16,4],"16":[16,4],"17":[20,0],"18":[0,0],"19":[0,0],"20":[0,0],"21":[0,0],"22":[0,0]},"_coverageSchema":"d34fc3e6b8297bcde183f5492bcb8fcb36775295","hash":"ac1e9974589ef37207cd2ae291db163a5c483f20","contentHash":"579a711e2316e642e3952f7db932fb0b"},"/Users/shankyrana/dev/influence/influence.io/api/client/controllers/Client.js":{"path":"/Users/shankyrana/dev/influence/influence.io/api/client/controllers/Client.js","statementMap":{"0":{"start":{"line":9,"column":0},"end":{"line":79,"column":2}},"1":{"start":{"line":18,"column":17},"end":{"line":18,"column":65}},"2":{"start":{"line":21,"column":4},"end":{"line":21,"column":19}},"3":{"start":{"line":31,"column":4},"end":{"line":33,"column":5}},"4":{"start":{"line":32,"column":6},"end":{"line":32,"column":28}},"5":{"start":{"line":35,"column":17},"end":{"line":35,"column":63}},"6":{"start":{"line":38,"column":4},"end":{"line":38,"column":19}},"7":{"start":{"line":48,"column":17},"end":{"line":48,"column":87}},"8":{"start":{"line":50,"column":4},"end":{"line":50,"column":22}},"9":{"start":{"line":61,"column":17},"end":{"line":61,"column":80}},"10":{"start":{"line":64,"column":4},"end":{"line":64,"column":19}},"11":{"start":{"line":74,"column":17},"end":{"line":74,"column":64}},"12":{"start":{"line":77,"column":4},"end":{"line":77,"column":19}}},"fnMap":{"0":{"name":"(anonymous_0)","decl":{"start":{"line":17,"column":8},"end":{"line":17,"column":9}},"loc":{"start":{"line":17,"column":23},"end":{"line":22,"column":3}},"line":17},"1":{"name":"(anonymous_1)","decl":{"start":{"line":30,"column":11},"end":{"line":30,"column":12}},"loc":{"start":{"line":30,"column":26},"end":{"line":39,"column":3}},"line":30},"2":{"name":"(anonymous_2)","decl":{"start":{"line":47,"column":10},"end":{"line":47,"column":11}},"loc":{"start":{"line":47,"column":25},"end":{"line":52,"column":3}},"line":47},"3":{"name":"(anonymous_3)","decl":{"start":{"line":60,"column":10},"end":{"line":60,"column":11}},"loc":{"start":{"line":60,"column":31},"end":{"line":65,"column":3}},"line":60},"4":{"name":"(anonymous_4)","decl":{"start":{"line":73,"column":11},"end":{"line":73,"column":12}},"loc":{"start":{"line":73,"column":32},"end":{"line":78,"column":3}},"line":73}},"branchMap":{"0":{"loc":{"start":{"line":31,"column":4},"end":{"line":33,"column":5}},"type":"if","locations":[{"start":{"line":31,"column":4},"end":{"line":33,"column":5}},{"start":{"line":31,"column":4},"end":{"line":33,"column":5}}],"line":31}},"s":{"0":1,"1":1,"2":1,"3":1,"4":0,"5":1,"6":1,"7":1,"8":1,"9":1,"10":1,"11":1,"12":1},"f":{"0":1,"1":1,"2":1,"3":1,"4":1},"b":{"0":[0,1]},"_coverageSchema":"d34fc3e6b8297bcde183f5492bcb8fcb36775295","hash":"49bbf05c68e92202ca95cef20028f5979a6d8ac8","contentHash":"9318b907ef3390bca754154256da3f71"},"/Users/shankyrana/dev/influence/influence.io/api/client/models/Client.js":{"path":"/Users/shankyrana/dev/influence/influence.io/api/client/models/Client.js","statementMap":{"0":{"start":{"line":7,"column":19},"end":{"line":7,"column":44}},"1":{"start":{"line":8,"column":22},"end":{"line":10,"column":2}},"2":{"start":{"line":12,"column":0},"end":{"line":62,"column":2}},"3":{"start":{"line":39,"column":4},"end":{"line":39,"column":41}},"4":{"start":{"line":40,"column":4},"end":{"line":40,"column":51}}},"fnMap":{"0":{"name":"(anonymous_0)","decl":{"start":{"line":38,"column":16},"end":{"line":38,"column":17}},"loc":{"start":{"line":38,"column":33},"end":{"line":41,"column":3}},"line":38}},"branchMap":{},"s":{"0":1,"1":1,"2":1,"3":1,"4":1},"f":{"0":1},"b":{},"_coverageSchema":"d34fc3e6b8297bcde183f5492bcb8fcb36775295","hash":"d8ff038a3147ce54c1772468a09ed358eac602e8","contentHash":"96d6549dd3177fb508314ee026a65a73"},"/Users/shankyrana/dev/influence/influence.io/api/client/services/Client.js":{"path":"/Users/shankyrana/dev/influence/influence.io/api/client/services/Client.js","statementMap":{"0":{"start":{"line":10,"column":10},"end":{"line":10,"column":27}},"1":{"start":{"line":11,"column":17},"end":{"line":11,"column":36}},"2":{"start":{"line":13,"column":0},"end":{"line":98,"column":2}},"3":{"start":{"line":22,"column":28},"end":{"line":22,"column":79}},"4":{"start":{"line":23,"column":4},"end":{"line":33,"column":5}},"5":{"start":{"line":24,"column":6},"end":{"line":30,"column":124}},"6":{"start":{"line":32,"column":6},"end":{"line":32,"column":23}},"7":{"start":{"line":43,"column":4},"end":{"line":45,"column":122}},"8":{"start":{"line":55,"column":4},"end":{"line":55,"column":26}},"9":{"start":{"line":56,"column":15},"end":{"line":56,"column":42}},"10":{"start":{"line":57,"column":4},"end":{"line":57,"column":16}},"11":{"start":{"line":71,"column":4},"end":{"line":71,"column":58}},"12":{"start":{"line":83,"column":17},"end":{"line":84,"column":121}},"13":{"start":{"line":86,"column":4},"end":{"line":94,"column":7}},"14":{"start":{"line":87,"column":21},"end":{"line":87,"column":139}},"15":{"start":{"line":88,"column":21},"end":{"line":88,"column":135}},"16":{"start":{"line":90,"column":6},"end":{"line":93,"column":25}},"17":{"start":{"line":96,"column":4},"end":{"line":96,"column":16}}},"fnMap":{"0":{"name":"(anonymous_0)","decl":{"start":{"line":21,"column":12},"end":{"line":21,"column":13}},"loc":{"start":{"line":21,"column":24},"end":{"line":34,"column":3}},"line":21},"1":{"name":"(anonymous_1)","decl":{"start":{"line":42,"column":9},"end":{"line":42,"column":10}},"loc":{"start":{"line":42,"column":21},"end":{"line":46,"column":3}},"line":42},"2":{"name":"(anonymous_2)","decl":{"start":{"line":54,"column":7},"end":{"line":54,"column":8}},"loc":{"start":{"line":54,"column":31},"end":{"line":58,"column":3}},"line":54},"3":{"name":"(anonymous_3)","decl":{"start":{"line":66,"column":8},"end":{"line":66,"column":9}},"loc":{"start":{"line":66,"column":34},"end":{"line":72,"column":3}},"line":66},"4":{"name":"(anonymous_4)","decl":{"start":{"line":80,"column":10},"end":{"line":80,"column":11}},"loc":{"start":{"line":80,"column":26},"end":{"line":97,"column":3}},"line":80},"5":{"name":"(anonymous_5)","decl":{"start":{"line":86,"column":35},"end":{"line":86,"column":36}},"loc":{"start":{"line":86,"column":56},"end":{"line":94,"column":5}},"line":86}},"branchMap":{"0":{"loc":{"start":{"line":87,"column":21},"end":{"line":87,"column":139}},"type":"cond-expr","locations":[{"start":{"line":87,"column":63},"end":{"line":87,"column":94}},{"start":{"line":87,"column":97},"end":{"line":87,"column":139}}],"line":87},"1":{"loc":{"start":{"line":88,"column":21},"end":{"line":88,"column":135}},"type":"cond-expr","locations":[{"start":{"line":88,"column":63},"end":{"line":88,"column":90}},{"start":{"line":88,"column":93},"end":{"line":88,"column":135}}],"line":88},"2":{"loc":{"start":{"line":90,"column":26},"end":{"line":90,"column":69}},"type":"binary-expr","locations":[{"start":{"line":90,"column":26},"end":{"line":90,"column":43}},{"start":{"line":90,"column":47},"end":{"line":90,"column":69}}],"line":90}},"s":{"0":1,"1":1,"2":1,"3":1,"4":1,"5":1,"6":0,"7":1,"8":1,"9":1,"10":1,"11":1,"12":1,"13":1,"14":0,"15":0,"16":0,"17":1},"f":{"0":1,"1":1,"2":1,"3":1,"4":1,"5":0},"b":{"0":[0,0],"1":[0,0],"2":[0,0]},"_coverageSchema":"d34fc3e6b8297bcde183f5492bcb8fcb36775295","hash":"2b7f5e52b3944b3b62573213e5c84fabfee009d7","contentHash":"31f30e72a8f60780ad7bf19bebf19341"},"/Users/shankyrana/dev/influence/influence.io/api/code/controllers/Code.js":{"path":"/Users/shankyrana/dev/influence/influence.io/api/code/controllers/Code.js","statementMap":{"0":{"start":{"line":9,"column":0},"end":{"line":79,"column":2}},"1":{"start":{"line":18,"column":17},"end":{"line":18,"column":63}},"2":{"start":{"line":21,"column":4},"end":{"line":21,"column":19}},"3":{"start":{"line":31,"column":4},"end":{"line":33,"column":5}},"4":{"start":{"line":32,"column":6},"end":{"line":32,"column":28}},"5":{"start":{"line":35,"column":17},"end":{"line":35,"column":61}},"6":{"start":{"line":38,"column":4},"end":{"line":38,"column":19}},"7":{"start":{"line":48,"column":17},"end":{"line":48,"column":65}},"8":{"start":{"line":51,"column":4},"end":{"line":51,"column":22}},"9":{"start":{"line":61,"column":17},"end":{"line":61,"column":78}},"10":{"start":{"line":64,"column":4},"end":{"line":64,"column":19}},"11":{"start":{"line":74,"column":17},"end":{"line":74,"column":62}},"12":{"start":{"line":77,"column":4},"end":{"line":77,"column":19}}},"fnMap":{"0":{"name":"(anonymous_0)","decl":{"start":{"line":17,"column":8},"end":{"line":17,"column":9}},"loc":{"start":{"line":17,"column":23},"end":{"line":22,"column":3}},"line":17},"1":{"name":"(anonymous_1)","decl":{"start":{"line":30,"column":11},"end":{"line":30,"column":12}},"loc":{"start":{"line":30,"column":26},"end":{"line":39,"column":3}},"line":30},"2":{"name":"(anonymous_2)","decl":{"start":{"line":47,"column":10},"end":{"line":47,"column":11}},"loc":{"start":{"line":47,"column":25},"end":{"line":52,"column":3}},"line":47},"3":{"name":"(anonymous_3)","decl":{"start":{"line":60,"column":10},"end":{"line":60,"column":11}},"loc":{"start":{"line":60,"column":31},"end":{"line":65,"column":3}},"line":60},"4":{"name":"(anonymous_4)","decl":{"start":{"line":73,"column":11},"end":{"line":73,"column":12}},"loc":{"start":{"line":73,"column":32},"end":{"line":78,"column":3}},"line":73}},"branchMap":{"0":{"loc":{"start":{"line":31,"column":4},"end":{"line":33,"column":5}},"type":"if","locations":[{"start":{"line":31,"column":4},"end":{"line":33,"column":5}},{"start":{"line":31,"column":4},"end":{"line":33,"column":5}}],"line":31}},"s":{"0":1,"1":1,"2":1,"3":1,"4":0,"5":1,"6":1,"7":1,"8":1,"9":1,"10":1,"11":1,"12":1},"f":{"0":1,"1":1,"2":1,"3":1,"4":1},"b":{"0":[0,1]},"_coverageSchema":"d34fc3e6b8297bcde183f5492bcb8fcb36775295","hash":"ce6d8544f109b114da8a08218cacde54e04dae42","contentHash":"39cf1913ee5062bd3f8c14e1cc7f187d"},"/Users/shankyrana/dev/influence/influence.io/api/code/models/Code.js":{"path":"/Users/shankyrana/dev/influence/influence.io/api/code/models/Code.js","statementMap":{"0":{"start":{"line":7,"column":0},"end":{"line":54,"column":2}}},"fnMap":{},"branchMap":{},"s":{"0":1},"f":{},"b":{},"_coverageSchema":"d34fc3e6b8297bcde183f5492bcb8fcb36775295","hash":"56416d2d9a367da8d83aca981fdebf941bed4e31","contentHash":"2f2ad094d933dd39c8a48f14cdbaf851"},"/Users/shankyrana/dev/influence/influence.io/api/code/services/Code.js":{"path":"/Users/shankyrana/dev/influence/influence.io/api/code/services/Code.js","statementMap":{"0":{"start":{"line":10,"column":10},"end":{"line":10,"column":27}},"1":{"start":{"line":12,"column":0},"end":{"line":94,"column":2}},"2":{"start":{"line":21,"column":28},"end":{"line":21,"column":77}},"3":{"start":{"line":23,"column":4},"end":{"line":29,"column":120}},"4":{"start":{"line":39,"column":4},"end":{"line":41,"column":120}},"5":{"start":{"line":51,"column":17},"end":{"line":51,"column":111}},"6":{"start":{"line":53,"column":4},"end":{"line":53,"column":16}},"7":{"start":{"line":67,"column":4},"end":{"line":67,"column":56}},"8":{"start":{"line":79,"column":17},"end":{"line":80,"column":119}},"9":{"start":{"line":82,"column":4},"end":{"line":90,"column":7}},"10":{"start":{"line":83,"column":21},"end":{"line":83,"column":139}},"11":{"start":{"line":84,"column":21},"end":{"line":84,"column":135}},"12":{"start":{"line":86,"column":6},"end":{"line":89,"column":25}},"13":{"start":{"line":92,"column":4},"end":{"line":92,"column":16}}},"fnMap":{"0":{"name":"(anonymous_0)","decl":{"start":{"line":20,"column":12},"end":{"line":20,"column":13}},"loc":{"start":{"line":20,"column":24},"end":{"line":30,"column":3}},"line":20},"1":{"name":"(anonymous_1)","decl":{"start":{"line":38,"column":9},"end":{"line":38,"column":10}},"loc":{"start":{"line":38,"column":21},"end":{"line":42,"column":3}},"line":38},"2":{"name":"(anonymous_2)","decl":{"start":{"line":50,"column":7},"end":{"line":50,"column":8}},"loc":{"start":{"line":50,"column":25},"end":{"line":54,"column":3}},"line":50},"3":{"name":"(anonymous_3)","decl":{"start":{"line":62,"column":8},"end":{"line":62,"column":9}},"loc":{"start":{"line":62,"column":34},"end":{"line":68,"column":3}},"line":62},"4":{"name":"(anonymous_4)","decl":{"start":{"line":76,"column":10},"end":{"line":76,"column":11}},"loc":{"start":{"line":76,"column":26},"end":{"line":93,"column":3}},"line":76},"5":{"name":"(anonymous_5)","decl":{"start":{"line":82,"column":33},"end":{"line":82,"column":34}},"loc":{"start":{"line":82,"column":54},"end":{"line":90,"column":5}},"line":82}},"branchMap":{"0":{"loc":{"start":{"line":83,"column":21},"end":{"line":83,"column":139}},"type":"cond-expr","locations":[{"start":{"line":83,"column":63},"end":{"line":83,"column":94}},{"start":{"line":83,"column":97},"end":{"line":83,"column":139}}],"line":83},"1":{"loc":{"start":{"line":84,"column":21},"end":{"line":84,"column":135}},"type":"cond-expr","locations":[{"start":{"line":84,"column":63},"end":{"line":84,"column":90}},{"start":{"line":84,"column":93},"end":{"line":84,"column":135}}],"line":84},"2":{"loc":{"start":{"line":86,"column":26},"end":{"line":86,"column":69}},"type":"binary-expr","locations":[{"start":{"line":86,"column":26},"end":{"line":86,"column":43}},{"start":{"line":86,"column":47},"end":{"line":86,"column":69}}],"line":86}},"s":{"0":1,"1":1,"2":1,"3":1,"4":1,"5":1,"6":1,"7":1,"8":1,"9":1,"10":1,"11":1,"12":1,"13":1},"f":{"0":1,"1":1,"2":1,"3":1,"4":1,"5":1},"b":{"0":[1,0],"1":[1,0],"2":[1,0]},"_coverageSchema":"d34fc3e6b8297bcde183f5492bcb8fcb36775295","hash":"a3e772edbcaafc96e53b027cb1981f708c92b309","contentHash":"20622a9da742df75bc90bf7abfb15260"},"/Users/shankyrana/dev/influence/influence.io/api/configuration/controllers/Configuration.js":{"path":"/Users/shankyrana/dev/influence/influence.io/api/configuration/controllers/Configuration.js","statementMap":{"0":{"start":{"line":9,"column":0},"end":{"line":93,"column":2}},"1":{"start":{"line":18,"column":20},"end":{"line":18,"column":42}},"2":{"start":{"line":19,"column":17},"end":{"line":19,"column":70}},"3":{"start":{"line":22,"column":4},"end":{"line":22,"column":19}},"4":{"start":{"line":26,"column":4},"end":{"line":28,"column":5}},"5":{"start":{"line":27,"column":6},"end":{"line":27,"column":28}},"6":{"start":{"line":29,"column":4},"end":{"line":31,"column":5}},"7":{"start":{"line":30,"column":6},"end":{"line":30,"column":28}},"8":{"start":{"line":33,"column":17},"end":{"line":33,"column":79}},"9":{"start":{"line":36,"column":4},"end":{"line":36,"column":19}},"10":{"start":{"line":46,"column":4},"end":{"line":48,"column":5}},"11":{"start":{"line":47,"column":6},"end":{"line":47,"column":28}},"12":{"start":{"line":50,"column":17},"end":{"line":50,"column":78}},"13":{"start":{"line":52,"column":4},"end":{"line":52,"column":19}},"14":{"start":{"line":62,"column":17},"end":{"line":62,"column":74}},"15":{"start":{"line":65,"column":4},"end":{"line":65,"column":22}},"16":{"start":{"line":75,"column":17},"end":{"line":75,"column":87}},"17":{"start":{"line":78,"column":4},"end":{"line":78,"column":19}},"18":{"start":{"line":88,"column":17},"end":{"line":88,"column":71}},"19":{"start":{"line":91,"column":4},"end":{"line":91,"column":19}}},"fnMap":{"0":{"name":"(anonymous_0)","decl":{"start":{"line":17,"column":8},"end":{"line":17,"column":9}},"loc":{"start":{"line":17,"column":23},"end":{"line":23,"column":3}},"line":17},"1":{"name":"(anonymous_1)","decl":{"start":{"line":25,"column":22},"end":{"line":25,"column":23}},"loc":{"start":{"line":25,"column":37},"end":{"line":37,"column":3}},"line":25},"2":{"name":"(anonymous_2)","decl":{"start":{"line":45,"column":16},"end":{"line":45,"column":17}},"loc":{"start":{"line":45,"column":31},"end":{"line":53,"column":3}},"line":45},"3":{"name":"(anonymous_3)","decl":{"start":{"line":61,"column":10},"end":{"line":61,"column":11}},"loc":{"start":{"line":61,"column":25},"end":{"line":66,"column":3}},"line":61},"4":{"name":"(anonymous_4)","decl":{"start":{"line":74,"column":10},"end":{"line":74,"column":11}},"loc":{"start":{"line":74,"column":31},"end":{"line":79,"column":3}},"line":74},"5":{"name":"(anonymous_5)","decl":{"start":{"line":87,"column":11},"end":{"line":87,"column":12}},"loc":{"start":{"line":87,"column":32},"end":{"line":92,"column":3}},"line":87}},"branchMap":{"0":{"loc":{"start":{"line":26,"column":4},"end":{"line":28,"column":5}},"type":"if","locations":[{"start":{"line":26,"column":4},"end":{"line":28,"column":5}},{"start":{"line":26,"column":4},"end":{"line":28,"column":5}}],"line":26},"1":{"loc":{"start":{"line":29,"column":4},"end":{"line":31,"column":5}},"type":"if","locations":[{"start":{"line":29,"column":4},"end":{"line":31,"column":5}},{"start":{"line":29,"column":4},"end":{"line":31,"column":5}}],"line":29},"2":{"loc":{"start":{"line":46,"column":4},"end":{"line":48,"column":5}},"type":"if","locations":[{"start":{"line":46,"column":4},"end":{"line":48,"column":5}},{"start":{"line":46,"column":4},"end":{"line":48,"column":5}}],"line":46}},"s":{"0":1,"1":1,"2":1,"3":1,"4":0,"5":0,"6":0,"7":0,"8":0,"9":0,"10":0,"11":0,"12":0,"13":0,"14":1,"15":1,"16":1,"17":1,"18":1,"19":1},"f":{"0":1,"1":0,"2":0,"3":1,"4":1,"5":1},"b":{"0":[0,0],"1":[0,0],"2":[0,0]},"_coverageSchema":"d34fc3e6b8297bcde183f5492bcb8fcb36775295","hash":"1154855e701152c514755aaffc2c02b29d6bb5a7","contentHash":"3181e00e18a064bf1aea032c5f2862b6"},"/Users/shankyrana/dev/influence/influence.io/api/configuration/models/Configuration.js":{"path":"/Users/shankyrana/dev/influence/influence.io/api/configuration/models/Configuration.js","statementMap":{"0":{"start":{"line":7,"column":0},"end":{"line":93,"column":2}},"1":{"start":{"line":47,"column":28},"end":{"line":53,"column":6}},"2":{"start":{"line":56,"column":4},"end":{"line":83,"column":5}},"3":{"start":{"line":57,"column":26},"end":{"line":63,"column":7}},"4":{"start":{"line":65,"column":6},"end":{"line":82,"column":7}},"5":{"start":{"line":66,"column":30},"end":{"line":66,"column":55}},"6":{"start":{"line":67,"column":29},"end":{"line":67,"column":53}},"7":{"start":{"line":69,"column":8},"end":{"line":73,"column":10}},"8":{"start":{"line":75,"column":8},"end":{"line":75,"column":60}},"9":{"start":{"line":76,"column":8},"end":{"line":76,"column":61}},"10":{"start":{"line":78,"column":8},"end":{"line":78,"column":62}},"11":{"start":{"line":79,"column":8},"end":{"line":79,"column":60}},"12":{"start":{"line":81,"column":8},"end":{"line":81,"column":88}}},"fnMap":{"0":{"name":"(anonymous_0)","decl":{"start":{"line":45,"column":15},"end":{"line":45,"column":16}},"loc":{"start":{"line":45,"column":40},"end":{"line":84,"column":3}},"line":45}},"branchMap":{"0":{"loc":{"start":{"line":56,"column":4},"end":{"line":83,"column":5}},"type":"if","locations":[{"start":{"line":56,"column":4},"end":{"line":83,"column":5}},{"start":{"line":56,"column":4},"end":{"line":83,"column":5}}],"line":56},"1":{"loc":{"start":{"line":65,"column":6},"end":{"line":82,"column":7}},"type":"if","locations":[{"start":{"line":65,"column":6},"end":{"line":82,"column":7}},{"start":{"line":65,"column":6},"end":{"line":82,"column":7}}],"line":65}},"s":{"0":1,"1":1,"2":1,"3":0,"4":0,"5":0,"6":0,"7":0,"8":0,"9":0,"10":0,"11":0,"12":0},"f":{"0":1},"b":{"0":[0,1],"1":[0,0]},"_coverageSchema":"d34fc3e6b8297bcde183f5492bcb8fcb36775295","hash":"aede52f4546e1090bcde89b406b1a1ea00138366","contentHash":"359948d4469c33f613fdd3b4ff8db9e4"},"/Users/shankyrana/dev/influence/influence.io/api/configuration/services/Configuration.js":{"path":"/Users/shankyrana/dev/influence/influence.io/api/configuration/services/Configuration.js","statementMap":{"0":{"start":{"line":10,"column":10},"end":{"line":10,"column":27}},"1":{"start":{"line":12,"column":0},"end":{"line":128,"column":2}},"2":{"start":{"line":21,"column":18},"end":{"line":23,"column":5}},"3":{"start":{"line":24,"column":28},"end":{"line":24,"column":85}},"4":{"start":{"line":26,"column":4},"end":{"line":32,"column":129}},"5":{"start":{"line":42,"column":18},"end":{"line":45,"column":5}},"6":{"start":{"line":46,"column":28},"end":{"line":46,"column":85}},"7":{"start":{"line":48,"column":4},"end":{"line":54,"column":129}},"8":{"start":{"line":64,"column":18},"end":{"line":66,"column":5}},"9":{"start":{"line":67,"column":28},"end":{"line":67,"column":85}},"10":{"start":{"line":69,"column":4},"end":{"line":75,"column":129}},"11":{"start":{"line":85,"column":17},"end":{"line":85,"column":129}},"12":{"start":{"line":87,"column":4},"end":{"line":87,"column":16}},"13":{"start":{"line":101,"column":4},"end":{"line":101,"column":65}},"14":{"start":{"line":113,"column":17},"end":{"line":114,"column":128}},"15":{"start":{"line":116,"column":4},"end":{"line":124,"column":7}},"16":{"start":{"line":117,"column":21},"end":{"line":117,"column":139}},"17":{"start":{"line":118,"column":21},"end":{"line":118,"column":135}},"18":{"start":{"line":120,"column":6},"end":{"line":123,"column":25}},"19":{"start":{"line":126,"column":4},"end":{"line":126,"column":16}}},"fnMap":{"0":{"name":"(anonymous_0)","decl":{"start":{"line":20,"column":12},"end":{"line":20,"column":13}},"loc":{"start":{"line":20,"column":24},"end":{"line":33,"column":3}},"line":20},"1":{"name":"(anonymous_1)","decl":{"start":{"line":41,"column":18},"end":{"line":41,"column":19}},"loc":{"start":{"line":41,"column":30},"end":{"line":55,"column":3}},"line":41},"2":{"name":"(anonymous_2)","decl":{"start":{"line":63,"column":17},"end":{"line":63,"column":18}},"loc":{"start":{"line":63,"column":29},"end":{"line":76,"column":3}},"line":63},"3":{"name":"(anonymous_3)","decl":{"start":{"line":84,"column":7},"end":{"line":84,"column":8}},"loc":{"start":{"line":84,"column":25},"end":{"line":88,"column":3}},"line":84},"4":{"name":"(anonymous_4)","decl":{"start":{"line":96,"column":8},"end":{"line":96,"column":9}},"loc":{"start":{"line":96,"column":34},"end":{"line":102,"column":3}},"line":96},"5":{"name":"(anonymous_5)","decl":{"start":{"line":110,"column":10},"end":{"line":110,"column":11}},"loc":{"start":{"line":110,"column":26},"end":{"line":127,"column":3}},"line":110},"6":{"name":"(anonymous_6)","decl":{"start":{"line":116,"column":42},"end":{"line":116,"column":43}},"loc":{"start":{"line":116,"column":63},"end":{"line":124,"column":5}},"line":116}},"branchMap":{"0":{"loc":{"start":{"line":22,"column":15},"end":{"line":22,"column":37}},"type":"cond-expr","locations":[{"start":{"line":22,"column":22},"end":{"line":22,"column":32}},{"start":{"line":22,"column":33},"end":{"line":22,"column":37}}],"line":22},"1":{"loc":{"start":{"line":43,"column":16},"end":{"line":43,"column":41}},"type":"cond-expr","locations":[{"start":{"line":43,"column":23},"end":{"line":43,"column":36}},{"start":{"line":43,"column":37},"end":{"line":43,"column":41}}],"line":43},"2":{"loc":{"start":{"line":44,"column":24},"end":{"line":44,"column":50}},"type":"cond-expr","locations":[{"start":{"line":44,"column":31},"end":{"line":44,"column":45}},{"start":{"line":44,"column":46},"end":{"line":44,"column":50}}],"line":44},"3":{"loc":{"start":{"line":65,"column":16},"end":{"line":65,"column":41}},"type":"cond-expr","locations":[{"start":{"line":65,"column":23},"end":{"line":65,"column":36}},{"start":{"line":65,"column":37},"end":{"line":65,"column":41}}],"line":65},"4":{"loc":{"start":{"line":117,"column":21},"end":{"line":117,"column":139}},"type":"cond-expr","locations":[{"start":{"line":117,"column":63},"end":{"line":117,"column":94}},{"start":{"line":117,"column":97},"end":{"line":117,"column":139}}],"line":117},"5":{"loc":{"start":{"line":118,"column":21},"end":{"line":118,"column":135}},"type":"cond-expr","locations":[{"start":{"line":118,"column":63},"end":{"line":118,"column":90}},{"start":{"line":118,"column":93},"end":{"line":118,"column":135}}],"line":118},"6":{"loc":{"start":{"line":120,"column":26},"end":{"line":120,"column":69}},"type":"binary-expr","locations":[{"start":{"line":120,"column":26},"end":{"line":120,"column":43}},{"start":{"line":120,"column":47},"end":{"line":120,"column":69}}],"line":120}},"s":{"0":1,"1":1,"2":1,"3":1,"4":1,"5":0,"6":0,"7":0,"8":0,"9":0,"10":0,"11":1,"12":1,"13":1,"14":1,"15":1,"16":2,"17":2,"18":2,"19":1},"f":{"0":1,"1":0,"2":0,"3":1,"4":1,"5":1,"6":2},"b":{"0":[0,1],"1":[0,0],"2":[0,0],"3":[0,0],"4":[2,0],"5":[2,0],"6":[2,0]},"_coverageSchema":"d34fc3e6b8297bcde183f5492bcb8fcb36775295","hash":"6a9ce51e5dd37754d144b9d15e0d3fc2438b99ca","contentHash":"38e901548816494a65a352fe636bd4f8"},"/Users/shankyrana/dev/influence/influence.io/api/coupon/controllers/Coupon.js":{"path":"/Users/shankyrana/dev/influence/influence.io/api/coupon/controllers/Coupon.js","statementMap":{"0":{"start":{"line":9,"column":0},"end":{"line":92,"column":2}},"1":{"start":{"line":18,"column":17},"end":{"line":18,"column":65}},"2":{"start":{"line":21,"column":4},"end":{"line":21,"column":19}},"3":{"start":{"line":31,"column":17},"end":{"line":31,"column":67}},"4":{"start":{"line":34,"column":4},"end":{"line":34,"column":19}},"5":{"start":{"line":44,"column":4},"end":{"line":46,"column":5}},"6":{"start":{"line":45,"column":6},"end":{"line":45,"column":28}},"7":{"start":{"line":48,"column":17},"end":{"line":48,"column":63}},"8":{"start":{"line":51,"column":4},"end":{"line":51,"column":19}},"9":{"start":{"line":61,"column":17},"end":{"line":61,"column":67}},"10":{"start":{"line":64,"column":4},"end":{"line":64,"column":22}},"11":{"start":{"line":74,"column":17},"end":{"line":74,"column":80}},"12":{"start":{"line":77,"column":4},"end":{"line":77,"column":19}},"13":{"start":{"line":87,"column":17},"end":{"line":87,"column":64}},"14":{"start":{"line":90,"column":4},"end":{"line":90,"column":19}}},"fnMap":{"0":{"name":"(anonymous_0)","decl":{"start":{"line":17,"column":8},"end":{"line":17,"column":9}},"loc":{"start":{"line":17,"column":23},"end":{"line":22,"column":3}},"line":17},"1":{"name":"(anonymous_1)","decl":{"start":{"line":30,"column":12},"end":{"line":30,"column":13}},"loc":{"start":{"line":30,"column":27},"end":{"line":35,"column":3}},"line":30},"2":{"name":"(anonymous_2)","decl":{"start":{"line":43,"column":11},"end":{"line":43,"column":12}},"loc":{"start":{"line":43,"column":26},"end":{"line":52,"column":3}},"line":43},"3":{"name":"(anonymous_3)","decl":{"start":{"line":60,"column":10},"end":{"line":60,"column":11}},"loc":{"start":{"line":60,"column":25},"end":{"line":65,"column":3}},"line":60},"4":{"name":"(anonymous_4)","decl":{"start":{"line":73,"column":10},"end":{"line":73,"column":11}},"loc":{"start":{"line":73,"column":31},"end":{"line":78,"column":3}},"line":73},"5":{"name":"(anonymous_5)","decl":{"start":{"line":86,"column":11},"end":{"line":86,"column":12}},"loc":{"start":{"line":86,"column":32},"end":{"line":91,"column":3}},"line":86}},"branchMap":{"0":{"loc":{"start":{"line":44,"column":4},"end":{"line":46,"column":5}},"type":"if","locations":[{"start":{"line":44,"column":4},"end":{"line":46,"column":5}},{"start":{"line":44,"column":4},"end":{"line":46,"column":5}}],"line":44}},"s":{"0":1,"1":1,"2":1,"3":0,"4":0,"5":0,"6":0,"7":0,"8":0,"9":1,"10":1,"11":1,"12":1,"13":1,"14":1},"f":{"0":1,"1":0,"2":0,"3":1,"4":1,"5":1},"b":{"0":[0,0]},"_coverageSchema":"d34fc3e6b8297bcde183f5492bcb8fcb36775295","hash":"c38408c2c76f0314855e8dfc44588b2da7bce381","contentHash":"70a775ebb6427f012966a730eef542c5"},"/Users/shankyrana/dev/influence/influence.io/api/coupon/models/Coupon.js":{"path":"/Users/shankyrana/dev/influence/influence.io/api/coupon/models/Coupon.js","statementMap":{"0":{"start":{"line":7,"column":0},"end":{"line":54,"column":2}}},"fnMap":{},"branchMap":{},"s":{"0":1},"f":{},"b":{},"_coverageSchema":"d34fc3e6b8297bcde183f5492bcb8fcb36775295","hash":"fa1eed2927f11a4ad4d97edb2657d282b35eb1b9","contentHash":"1259c0f65809cb92ea9888d2c8fcdfce"},"/Users/shankyrana/dev/influence/influence.io/api/coupon/services/Coupon.js":{"path":"/Users/shankyrana/dev/influence/influence.io/api/coupon/services/Coupon.js","statementMap":{"0":{"start":{"line":10,"column":10},"end":{"line":10,"column":27}},"1":{"start":{"line":12,"column":0},"end":{"line":106,"column":2}},"2":{"start":{"line":21,"column":28},"end":{"line":21,"column":79}},"3":{"start":{"line":23,"column":4},"end":{"line":29,"column":122}},"4":{"start":{"line":39,"column":4},"end":{"line":41,"column":122}},"5":{"start":{"line":51,"column":4},"end":{"line":53,"column":122}},"6":{"start":{"line":63,"column":17},"end":{"line":63,"column":115}},"7":{"start":{"line":65,"column":4},"end":{"line":65,"column":16}},"8":{"start":{"line":79,"column":4},"end":{"line":79,"column":58}},"9":{"start":{"line":91,"column":17},"end":{"line":92,"column":121}},"10":{"start":{"line":94,"column":4},"end":{"line":102,"column":7}},"11":{"start":{"line":95,"column":21},"end":{"line":95,"column":139}},"12":{"start":{"line":96,"column":21},"end":{"line":96,"column":135}},"13":{"start":{"line":98,"column":6},"end":{"line":101,"column":25}},"14":{"start":{"line":104,"column":4},"end":{"line":104,"column":16}}},"fnMap":{"0":{"name":"(anonymous_0)","decl":{"start":{"line":20,"column":12},"end":{"line":20,"column":13}},"loc":{"start":{"line":20,"column":24},"end":{"line":30,"column":3}},"line":20},"1":{"name":"(anonymous_1)","decl":{"start":{"line":38,"column":13},"end":{"line":38,"column":14}},"loc":{"start":{"line":38,"column":25},"end":{"line":42,"column":3}},"line":38},"2":{"name":"(anonymous_2)","decl":{"start":{"line":50,"column":9},"end":{"line":50,"column":10}},"loc":{"start":{"line":50,"column":21},"end":{"line":54,"column":3}},"line":50},"3":{"name":"(anonymous_3)","decl":{"start":{"line":62,"column":7},"end":{"line":62,"column":8}},"loc":{"start":{"line":62,"column":25},"end":{"line":66,"column":3}},"line":62},"4":{"name":"(anonymous_4)","decl":{"start":{"line":74,"column":8},"end":{"line":74,"column":9}},"loc":{"start":{"line":74,"column":34},"end":{"line":80,"column":3}},"line":74},"5":{"name":"(anonymous_5)","decl":{"start":{"line":88,"column":10},"end":{"line":88,"column":11}},"loc":{"start":{"line":88,"column":26},"end":{"line":105,"column":3}},"line":88},"6":{"name":"(anonymous_6)","decl":{"start":{"line":94,"column":35},"end":{"line":94,"column":36}},"loc":{"start":{"line":94,"column":56},"end":{"line":102,"column":5}},"line":94}},"branchMap":{"0":{"loc":{"start":{"line":95,"column":21},"end":{"line":95,"column":139}},"type":"cond-expr","locations":[{"start":{"line":95,"column":63},"end":{"line":95,"column":94}},{"start":{"line":95,"column":97},"end":{"line":95,"column":139}}],"line":95},"1":{"loc":{"start":{"line":96,"column":21},"end":{"line":96,"column":135}},"type":"cond-expr","locations":[{"start":{"line":96,"column":63},"end":{"line":96,"column":90}},{"start":{"line":96,"column":93},"end":{"line":96,"column":135}}],"line":96},"2":{"loc":{"start":{"line":98,"column":26},"end":{"line":98,"column":69}},"type":"binary-expr","locations":[{"start":{"line":98,"column":26},"end":{"line":98,"column":43}},{"start":{"line":98,"column":47},"end":{"line":98,"column":69}}],"line":98}},"s":{"0":1,"1":1,"2":1,"3":1,"4":0,"5":0,"6":1,"7":1,"8":1,"9":1,"10":1,"11":1,"12":1,"13":1,"14":1},"f":{"0":1,"1":0,"2":0,"3":1,"4":1,"5":1,"6":1},"b":{"0":[1,0],"1":[1,0],"2":[1,0]},"_coverageSchema":"d34fc3e6b8297bcde183f5492bcb8fcb36775295","hash":"cd9967229f5baa087ddbd637ca6bf0a151a3537b","contentHash":"9da8813203e3dbf549540314d27d6555"},"/Users/shankyrana/dev/influence/influence.io/api/elasticsearch/controllers/Elasticsearch.js":{"path":"/Users/shankyrana/dev/influence/influence.io/api/elasticsearch/controllers/Elasticsearch.js","statementMap":{"0":{"start":{"line":9,"column":0},"end":{"line":124,"column":2}},"1":{"start":{"line":15,"column":15},"end":{"line":15,"column":59}},"2":{"start":{"line":18,"column":4},"end":{"line":20,"column":7}},"3":{"start":{"line":25,"column":16},"end":{"line":25,"column":28}},"4":{"start":{"line":27,"column":16},"end":{"line":27,"column":36}},"5":{"start":{"line":29,"column":4},"end":{"line":33,"column":5}},"6":{"start":{"line":30,"column":6},"end":{"line":32,"column":9}},"7":{"start":{"line":35,"column":15},"end":{"line":35,"column":69}},"8":{"start":{"line":37,"column":4},"end":{"line":39,"column":7}},"9":{"start":{"line":43,"column":16},"end":{"line":43,"column":28}},"10":{"start":{"line":44,"column":21},"end":{"line":44,"column":35}},"11":{"start":{"line":45,"column":15},"end":{"line":45,"column":29}},"12":{"start":{"line":47,"column":4},"end":{"line":51,"column":5}},"13":{"start":{"line":48,"column":6},"end":{"line":50,"column":9}},"14":{"start":{"line":52,"column":17},"end":{"line":58,"column":19}},"15":{"start":{"line":60,"column":15},"end":{"line":60,"column":101}},"16":{"start":{"line":62,"column":4},"end":{"line":64,"column":7}},"17":{"start":{"line":69,"column":16},"end":{"line":69,"column":28}},"18":{"start":{"line":70,"column":21},"end":{"line":70,"column":35}},"19":{"start":{"line":71,"column":15},"end":{"line":71,"column":29}},"20":{"start":{"line":73,"column":4},"end":{"line":77,"column":5}},"21":{"start":{"line":74,"column":6},"end":{"line":76,"column":9}},"22":{"start":{"line":79,"column":15},"end":{"line":79,"column":87}},"23":{"start":{"line":81,"column":4},"end":{"line":83,"column":7}},"24":{"start":{"line":87,"column":16},"end":{"line":87,"column":28}},"25":{"start":{"line":88,"column":22},"end":{"line":88,"column":38}},"26":{"start":{"line":89,"column":15},"end":{"line":89,"column":79}},"27":{"start":{"line":91,"column":4},"end":{"line":93,"column":7}},"28":{"start":{"line":97,"column":16},"end":{"line":97,"column":28}},"29":{"start":{"line":98,"column":22},"end":{"line":98,"column":38}},"30":{"start":{"line":99,"column":15},"end":{"line":99,"column":83}},"31":{"start":{"line":101,"column":4},"end":{"line":103,"column":7}},"32":{"start":{"line":107,"column":18},"end":{"line":107,"column":30}},"33":{"start":{"line":108,"column":17},"end":{"line":108,"column":35}},"34":{"start":{"line":109,"column":20},"end":{"line":109,"column":65}},"35":{"start":{"line":110,"column":17},"end":{"line":116,"column":12}},"36":{"start":{"line":118,"column":15},"end":{"line":118,"column":105}},"37":{"start":{"line":120,"column":4},"end":{"line":122,"column":7}}},"fnMap":{"0":{"name":"(anonymous_0)","decl":{"start":{"line":11,"column":10},"end":{"line":11,"column":11}},"loc":{"start":{"line":11,"column":23},"end":{"line":21,"column":3}},"line":11},"1":{"name":"(anonymous_1)","decl":{"start":{"line":23,"column":9},"end":{"line":23,"column":10}},"loc":{"start":{"line":23,"column":23},"end":{"line":40,"column":3}},"line":23},"2":{"name":"(anonymous_2)","decl":{"start":{"line":42,"column":16},"end":{"line":42,"column":17}},"loc":{"start":{"line":42,"column":30},"end":{"line":65,"column":3}},"line":42},"3":{"name":"(anonymous_3)","decl":{"start":{"line":67,"column":15},"end":{"line":67,"column":16}},"loc":{"start":{"line":67,"column":29},"end":{"line":84,"column":3}},"line":67},"4":{"name":"(anonymous_4)","decl":{"start":{"line":86,"column":12},"end":{"line":86,"column":13}},"loc":{"start":{"line":86,"column":26},"end":{"line":94,"column":3}},"line":86},"5":{"name":"(anonymous_5)","decl":{"start":{"line":96,"column":16},"end":{"line":96,"column":17}},"loc":{"start":{"line":96,"column":30},"end":{"line":104,"column":3}},"line":96},"6":{"name":"(anonymous_6)","decl":{"start":{"line":106,"column":19},"end":{"line":106,"column":20}},"loc":{"start":{"line":106,"column":33},"end":{"line":123,"column":3}},"line":106}},"branchMap":{"0":{"loc":{"start":{"line":29,"column":4},"end":{"line":33,"column":5}},"type":"if","locations":[{"start":{"line":29,"column":4},"end":{"line":33,"column":5}},{"start":{"line":29,"column":4},"end":{"line":33,"column":5}}],"line":29},"1":{"loc":{"start":{"line":47,"column":4},"end":{"line":51,"column":5}},"type":"if","locations":[{"start":{"line":47,"column":4},"end":{"line":51,"column":5}},{"start":{"line":47,"column":4},"end":{"line":51,"column":5}}],"line":47},"2":{"loc":{"start":{"line":52,"column":17},"end":{"line":58,"column":19}},"type":"cond-expr","locations":[{"start":{"line":53,"column":6},"end":{"line":53,"column":89}},{"start":{"line":55,"column":6},"end":{"line":58,"column":19}}],"line":52},"3":{"loc":{"start":{"line":55,"column":6},"end":{"line":58,"column":19}},"type":"cond-expr","locations":[{"start":{"line":56,"column":8},"end":{"line":56,"column":109}},{"start":{"line":58,"column":8},"end":{"line":58,"column":19}}],"line":55},"4":{"loc":{"start":{"line":73,"column":4},"end":{"line":77,"column":5}},"type":"if","locations":[{"start":{"line":73,"column":4},"end":{"line":77,"column":5}},{"start":{"line":73,"column":4},"end":{"line":77,"column":5}}],"line":73},"5":{"loc":{"start":{"line":110,"column":17},"end":{"line":116,"column":12}},"type":"cond-expr","locations":[{"start":{"line":111,"column":6},"end":{"line":111,"column":89}},{"start":{"line":113,"column":6},"end":{"line":116,"column":12}}],"line":110},"6":{"loc":{"start":{"line":113,"column":6},"end":{"line":116,"column":12}},"type":"cond-expr","locations":[{"start":{"line":114,"column":8},"end":{"line":114,"column":109}},{"start":{"line":116,"column":8},"end":{"line":116,"column":12}}],"line":113}},"s":{"0":1,"1":0,"2":0,"3":0,"4":0,"5":0,"6":0,"7":0,"8":0,"9":0,"10":0,"11":0,"12":0,"13":0,"14":0,"15":0,"16":0,"17":0,"18":0,"19":0,"20":0,"21":0,"22":0,"23":0,"24":0,"25":0,"26":0,"27":0,"28":0,"29":0,"30":0,"31":0,"32":0,"33":0,"34":0,"35":0,"36":0,"37":0},"f":{"0":0,"1":0,"2":0,"3":0,"4":0,"5":0,"6":0},"b":{"0":[0,0],"1":[0,0],"2":[0,0],"3":[0,0],"4":[0,0],"5":[0,0],"6":[0,0]},"_coverageSchema":"d34fc3e6b8297bcde183f5492bcb8fcb36775295","hash":"3014a6ce9cf74460df321fe5c1f95fae5345fd71","contentHash":"680684a8068ba5886b840349c626fa18"},"/Users/shankyrana/dev/influence/influence.io/api/elasticsearch/models/Elasticsearch.js":{"path":"/Users/shankyrana/dev/influence/influence.io/api/elasticsearch/models/Elasticsearch.js","statementMap":{"0":{"start":{"line":7,"column":0},"end":{"line":54,"column":2}}},"fnMap":{},"branchMap":{},"s":{"0":1},"f":{},"b":{},"_coverageSchema":"d34fc3e6b8297bcde183f5492bcb8fcb36775295","hash":"be47811074c011f84905d886e8b49c6a2f33f83c","contentHash":"40c880e094a63664c2cad925f9437878"},"/Users/shankyrana/dev/influence/influence.io/api/elasticsearch/services/Elasticsearch.js":{"path":"/Users/shankyrana/dev/influence/influence.io/api/elasticsearch/services/Elasticsearch.js","statementMap":{"0":{"start":{"line":10,"column":22},"end":{"line":10,"column":46}},"1":{"start":{"line":11,"column":15},"end":{"line":11,"column":32}},"2":{"start":{"line":12,"column":15},"end":{"line":12,"column":33}},"3":{"start":{"line":14,"column":15},"end":{"line":19,"column":2}},"4":{"start":{"line":23,"column":0},"end":{"line":604,"column":1}},"5":{"start":{"line":26,"column":4},"end":{"line":32,"column":7}},"6":{"start":{"line":27,"column":6},"end":{"line":31,"column":9}},"7":{"start":{"line":28,"column":8},"end":{"line":29,"column":27}},"8":{"start":{"line":28,"column":16},"end":{"line":28,"column":28}},"9":{"start":{"line":29,"column":13},"end":{"line":29,"column":27}},"10":{"start":{"line":30,"column":8},"end":{"line":30,"column":52}},"11":{"start":{"line":37,"column":4},"end":{"line":43,"column":7}},"12":{"start":{"line":38,"column":6},"end":{"line":42,"column":9}},"13":{"start":{"line":39,"column":8},"end":{"line":40,"column":27}},"14":{"start":{"line":39,"column":17},"end":{"line":39,"column":29}},"15":{"start":{"line":40,"column":13},"end":{"line":40,"column":27}},"16":{"start":{"line":41,"column":8},"end":{"line":41,"column":62}},"17":{"start"
[...]
mn":32},"end":{"line":34,"column":72}},"line":34},"7":{"name":"ping","decl":{"start":{"line":36,"column":42},"end":{"line":36,"column":46}},"loc":{"start":{"line":36,"column":49},"end":{"line":42,"column":5}},"line":36},"8":{"name":"each","decl":{"start":{"line":37,"column":40},"end":{"line":37,"column":44}},"loc":{"start":{"line":37,"column":49},"end":{"line":41,"column":7}},"line":37}},"branchMap":{"0":{"loc":{"start":{"line":38,"column":8},"end":{"line":38,"column":56}},"type":"if","locations":[{"start":{"line":38,"column":8},"end":{"line":38,"column":56}},{"start":{"line":38,"column":8},"end":{"line":38,"column":56}}],"line":38}},"s":{"0":1,"1":1,"2":1,"3":0,"4":1,"5":1,"6":0,"7":0,"8":0,"9":0,"10":0,"11":0,"12":0,"13":0,"14":1,"15":5,"16":0,"17":0,"18":0,"19":0,"20":1,"21":1,"22":1},"f":{"0":1,"1":0,"2":0,"3":1,"4":0,"5":0,"6":0,"7":5,"8":0},"b":{"0":[0,0]},"_coverageSchema":"d34fc3e6b8297bcde183f5492bcb8fcb36775295","hash":"fc9a26eb90a1e9631561356912d5397a16d6a2f5","contentHash":"d5a52407eab0a7f38cf5014821a25cfa"},"/Users/shankyrana/dev/influence/influence.io/config/functions/cron.js":{"path":"/Users/shankyrana/dev/influence/influence.io/config/functions/cron.js","statementMap":{"0":{"start":{"line":12,"column":23},"end":{"line":12,"column":47}},"1":{"start":{"line":13,"column":16},"end":{"line":13,"column":33}},"2":{"start":{"line":14,"column":16},"end":{"line":14,"column":34}},"3":{"start":{"line":16,"column":16},"end":{"line":21,"column":3}},"4":{"start":{"line":23,"column":22},"end":{"line":31,"column":1}},"5":{"start":{"line":24,"column":2},"end":{"line":30,"column":3}},"6":{"start":{"line":25,"column":4},"end":{"line":27,"column":7}},"7":{"start":{"line":26,"column":6},"end":{"line":26,"column":26}},"8":{"start":{"line":29,"column":4},"end":{"line":29,"column":18}},"9":{"start":{"line":36,"column":17},"end":{"line":66,"column":1}},"10":{"start":{"line":38,"column":14},"end":{"line":50,"column":3}},"11":{"start":{"line":52,"column":19},"end":{"line":57,"column":4}},"12":{"start":{"line":53,"column":4},"end":{"line":56,"column":7}},"13":{"start":{"line":54,"column":6},"end":{"line":55,"column":25}},"14":{"start":{"line":54,"column":15},"end":{"line":54,"column":27}},"15":{"start":{"line":55,"column":11},"end":{"line":55,"column":25}},"16":{"start":{"line":59,"column":2},"end":{"line":63,"column":3}},"17":{"start":{"line":60,"column":4},"end":{"line":60,"column":20}},"18":{"start":{"line":62,"column":4},"end":{"line":62,"column":19}},"19":{"start":{"line":65,"column":2},"end":{"line":65,"column":72}},"20":{"start":{"line":68,"column":0},"end":{"line":173,"column":2}},"21":{"start":{"line":75,"column":4},"end":{"line":127,"column":7}},"22":{"start":{"line":88,"column":6},"end":{"line":126,"column":9}},"23":{"start":{"line":89,"column":24},"end":{"line":89,"column":40}},"24":{"start":{"line":90,"column":21},"end":{"line":90,"column":33}},"25":{"start":{"line":91,"column":34},"end":{"line":91,"column":56}},"26":{"start":{"line":92,"column":33},"end":{"line":92,"column":59}},"27":{"start":{"line":93,"column":38},"end":{"line":93,"column":69}},"28":{"start":{"line":97,"column":8},"end":{"line":100,"column":7}},"29":{"start":{"line":98,"column":5},"end":{"line":99,"column":29}},"30":{"start":{"line":99,"column":6},"end":{"line":99,"column":29}},"31":{"start":{"line":102,"column":68},"end":{"line":102,"column":69}},"32":{"start":{"line":103,"column":8},"end":{"line":108,"column":37}},"33":{"start":{"line":104,"column":10},"end":{"line":106,"column":13}},"34":{"start":{"line":105,"column":12},"end":{"line":105,"column":131}},"35":{"start":{"line":108,"column":10},"end":{"line":108,"column":37}},"36":{"start":{"line":110,"column":8},"end":{"line":110,"column":127}},"37":{"start":{"line":111,"column":8},"end":{"line":111,"column":75}},"38":{"start":{"line":113,"column":8},"end":{"line":122,"column":9}},"39":{"start":{"line":114,"column":10},"end":{"line":114,"column":87}},"40":{"start":{"line":115,"column":10},"end":{"line":115,"column":95}},"41":{"start":{"line":116,"column":24},"end":{"line":116,"column":36}},"42":{"start":{"line":117,"column":23},"end":{"line":117,"column":90}},"43":{"start":{"line":118,"column":10},"end":{"line":118,"column":99}},"44":{"start":{"line":120,"column":10},"end":{"line":120,"column":69}},"45":{"start":{"line":121,"column":10},"end":{"line":121,"column":117}},"46":{"start":{"line":124,"column":8},"end":{"line":124,"column":76}},"47":{"start":{"line":125,"column":8},"end":{"line":125,"column":73}},"48":{"start":{"line":135,"column":4},"end":{"line":170,"column":7}},"49":{"start":{"line":150,"column":6},"end":{"line":169,"column":9}},"50":{"start":{"line":151,"column":20},"end":{"line":151,"column":115}},"51":{"start":{"line":153,"column":8},"end":{"line":153,"column":68}},"52":{"start":{"line":153,"column":44},"end":{"line":153,"column":66}},"53":{"start":{"line":154,"column":8},"end":{"line":154,"column":58}},"54":{"start":{"line":154,"column":48},"end":{"line":154,"column":56}},"55":{"start":{"line":155,"column":8},"end":{"line":155,"column":65}},"56":{"start":{"line":155,"column":44},"end":{"line":155,"column":63}},"57":{"start":{"line":156,"column":8},"end":{"line":156,"column":58}},"58":{"start":{"line":156,"column":48},"end":{"line":156,"column":56}},"59":{"start":{"line":167,"column":8},"end":{"line":167,"column":63}}},"fnMap":{"0":{"name":"(anonymous_0)","decl":{"start":{"line":23,"column":22},"end":{"line":23,"column":23}},"loc":{"start":{"line":23,"column":66},"end":{"line":31,"column":1}},"line":23},"1":{"name":"(anonymous_1)","decl":{"start":{"line":25,"column":82},"end":{"line":25,"column":83}},"loc":{"start":{"line":25,"column":87},"end":{"line":27,"column":5}},"line":25},"2":{"name":"(anonymous_2)","decl":{"start":{"line":36,"column":17},"end":{"line":36,"column":18}},"loc":{"start":{"line":36,"column":70},"end":{"line":66,"column":1}},"line":36},"3":{"name":"(anonymous_3)","decl":{"start":{"line":52,"column":37},"end":{"line":52,"column":38}},"loc":{"start":{"line":52,"column":58},"end":{"line":57,"column":3}},"line":52},"4":{"name":"(anonymous_4)","decl":{"start":{"line":53,"column":25},"end":{"line":53,"column":26}},"loc":{"start":{"line":53,"column":54},"end":{"line":56,"column":5}},"line":53},"5":{"name":"(anonymous_5)","decl":{"start":{"line":74,"column":17},"end":{"line":74,"column":18}},"loc":{"start":{"line":74,"column":23},"end":{"line":128,"column":3}},"line":74},"6":{"name":"(anonymous_6)","decl":{"start":{"line":87,"column":10},"end":{"line":87,"column":11}},"loc":{"start":{"line":87,"column":24},"end":{"line":127,"column":5}},"line":87},"7":{"name":"(anonymous_7)","decl":{"start":{"line":88,"column":21},"end":{"line":88,"column":22}},"loc":{"start":{"line":88,"column":39},"end":{"line":126,"column":7}},"line":88},"8":{"name":"(anonymous_8)","decl":{"start":{"line":97,"column":64},"end":{"line":97,"column":65}},"loc":{"start":{"line":97,"column":86},"end":{"line":100,"column":5}},"line":97},"9":{"name":"(anonymous_9)","decl":{"start":{"line":104,"column":50},"end":{"line":104,"column":51}},"loc":{"start":{"line":104,"column":60},"end":{"line":106,"column":11}},"line":104},"10":{"name":"(anonymous_10)","decl":{"start":{"line":134,"column":17},"end":{"line":134,"column":18}},"loc":{"start":{"line":134,"column":23},"end":{"line":171,"column":3}},"line":134},"11":{"name":"(anonymous_11)","decl":{"start":{"line":149,"column":10},"end":{"line":149,"column":11}},"loc":{"start":{"line":149,"column":29},"end":{"line":170,"column":5}},"line":149},"12":{"name":"(anonymous_12)","decl":{"start":{"line":150,"column":26},"end":{"line":150,"column":27}},"loc":{"start":{"line":150,"column":44},"end":{"line":169,"column":7}},"line":150},"13":{"name":"(anonymous_13)","decl":{"start":{"line":153,"column":36},"end":{"line":153,"column":37}},"loc":{"start":{"line":153,"column":44},"end":{"line":153,"column":66}},"line":153},"14":{"name":"(anonymous_14)","decl":{"start":{"line":154,"column":40},"end":{"line":154,"column":41}},"loc":{"start":{"line":154,"column":48},"end":{"line":154,"column":56}},"line":154},"15":{"name":"(anonymous_15)","decl":{"start":{"line":155,"column":36},"end":{"line":155,"column":37}},"loc":{"start":{"line":155,"column":44},"end":{"line":155,"column":63}},"line":155},"16":{"name":"(anonymous_16)","decl":{"start":{"line":156,"column":40},"end":{"line":156,"column":41}},"loc":{"start":{"line":156,"column":48},"end":{"line":156,"column":56}},"line":156}},"branchMap":{"0":{"loc":{"start":{"line":54,"column":6},"end":{"line":55,"column":25}},"type":"if","locations":[{"start":{"line":54,"column":6},"end":{"line":55,"column":25}},{"start":{"line":54,"column":6},"end":{"line":55,"column":25}}],"line":54},"1":{"loc":{"start":{"line":59,"column":2},"end":{"line":63,"column":3}},"type":"if","locations":[{"start":{"line":59,"column":2},"end":{"line":63,"column":3}},{"start":{"line":59,"column":2},"end":{"line":63,"column":3}}],"line":59},"2":{"loc":{"start":{"line":59,"column":5},"end":{"line":59,"column":47}},"type":"binary-expr","locations":[{"start":{"line":59,"column":5},"end":{"line":59,"column":18}},{"start":{"line":59,"column":22},"end":{"line":59,"column":47}}],"line":59},"3":{"loc":{"start":{"line":98,"column":5},"end":{"line":99,"column":29}},"type":"if","locations":[{"start":{"line":98,"column":5},"end":{"line":99,"column":29}},{"start":{"line":98,"column":5},"end":{"line":99,"column":29}}],"line":98},"4":{"loc":{"start":{"line":103,"column":8},"end":{"line":108,"column":37}},"type":"if","locations":[{"start":{"line":103,"column":8},"end":{"line":108,"column":37}},{"start":{"line":103,"column":8},"end":{"line":108,"column":37}}],"line":103},"5":{"loc":{"start":{"line":103,"column":11},"end":{"line":103,"column":65}},"type":"binary-expr","locations":[{"start":{"line":103,"column":11},"end":{"line":103,"column":19}},{"start":{"line":103,"column":23},"end":{"line":103,"column":65}}],"line":103},"6":{"loc":{"start":{"line":110,"column":30},"end":{"line":110,"column":126}},"type":"cond-expr","locations":[{"start":{"line":110,"column":76},"end":{"line":110,"column":99}},{"start":{"line":110,"column":100},"end":{"line":110,"column":126}}],"line":110},"7":{"loc":{"start":{"line":113,"column":8},"end":{"line":122,"column":9}},"type":"if","locations":[{"start":{"line":113,"column":8},"end":{"line":122,"column":9}},{"start":{"line":113,"column":8},"end":{"line":122,"column":9}}],"line":113}},"s":{"0":1,"1":1,"2":1,"3":1,"4":1,"5":0,"6":0,"7":0,"8":0,"9":1,"10":0,"11":0,"12":0,"13":0,"14":0,"15":0,"16":0,"17":0,"18":0,"19":0,"20":1,"21":0,"22":0,"23":0,"24":0,"25":0,"26":0,"27":0,"28":0,"29":0,"30":0,"31":0,"32":0,"33":0,"34":0,"35":0,"36":0,"37":0,"38":0,"39":0,"40":0,"41":0,"42":0,"43":0,"44":0,"45":0,"46":0,"47":0,"48":0,"49":0,"50":0,"51":0,"52":0,"53":0,"54":0,"55":0,"56":0,"57":0,"58":0,"59":0},"f":{"0":0,"1":0,"2":0,"3":0,"4":0,"5":0,"6":0,"7":0,"8":0,"9":0,"10":0,"11":0,"12":0,"13":0,"14":0,"15":0,"16":0},"b":{"0":[0,0],"1":[0,0],"2":[0,0],"3":[0,0],"4":[0,0],"5":[0,0],"6":[0,0],"7":[0,0]},"_coverageSchema":"d34fc3e6b8297bcde183f5492bcb8fcb36775295","hash":"bb5b58434bb6a92fb69b28a6859a7fe51cf3c18c","contentHash":"65b2766fe821de6c7d9eaaf81c610410"},"/Users/shankyrana/dev/influence/influence.io/config/functions/kue.js":{"path":"/Users/shankyrana/dev/influence/influence.io/config/functions/kue.js","statementMap":{"0":{"start":{"line":1,"column":12},"end":{"line":1,"column":28}},"1":{"start":{"line":2,"column":12},"end":{"line":2,"column":30}},"2":{"start":{"line":15,"column":2},"end":{"line":37,"column":5}},"3":{"start":{"line":18,"column":8},"end":{"line":25,"column":12}},"4":{"start":{"line":39,"column":10},"end":{"line":42,"column":2}},"5":{"start":{"line":45,"column":0},"end":{"line":45,"column":21}},"6":{"start":{"line":48,"column":0},"end":{"line":81,"column":2}},"7":{"start":{"line":51,"column":4},"end":{"line":51,"column":13}},"8":{"start":{"line":64,"column":4},"end":{"line":71,"column":7}},"9":{"start":{"line":69,"column":6},"end":{"line":70,"column":18}},"10":{"start":{"line":69,"column":16},"end":{"line":69,"column":26}},"11":{"start":{"line":70,"column":11},"end":{"line":70,"column":18}},"12":{"start":{"line":76,"column":4},"end":{"line":78,"column":7}},"13":{"start":{"line":77,"column":6},"end":{"line":77,"column":34}}},"fnMap":{"0":{"name":"(anonymous_0)","decl":{"start":{"line":17,"column":27},"end":{"line":17,"column":28}},"loc":{"start":{"line":17,"column":39},"end":{"line":26,"column":7}},"line":17},"1":{"name":"(anonymous_1)","decl":{"start":{"line":50,"column":9},"end":{"line":50,"column":10}},"loc":{"start":{"line":50,"column":21},"end":{"line":52,"column":3}},"line":50},"2":{"name":"(anonymous_2)","decl":{"start":{"line":63,"column":13},"end":{"line":63,"column":14}},"loc":{"start":{"line":63,"column":94},"end":{"line":72,"column":3}},"line":63},"3":{"name":"(anonymous_3)","decl":{"start":{"line":68,"column":50},"end":{"line":68,"column":51}},"loc":{"start":{"line":68,"column":66},"end":{"line":71,"column":5}},"line":68},"4":{"name":"(anonymous_4)","decl":{"start":{"line":75,"column":15},"end":{"line":75,"column":16}},"loc":{"start":{"line":75,"column":46},"end":{"line":79,"column":3}},"line":75},"5":{"name":"(anonymous_5)","decl":{"start":{"line":76,"column":31},"end":{"line":76,"column":32}},"loc":{"start":{"line":76,"column":55},"end":{"line":78,"column":5}},"line":76}},"branchMap":{"0":{"loc":{"start":{"line":15,"column":2},"end":{"line":37,"column":5}},"type":"cond-expr","locations":[{"start":{"line":16,"column":4},"end":{"line":27,"column":5}},{"start":{"line":29,"column":4},"end":{"line":37,"column":5}}],"line":15},"1":{"loc":{"start":{"line":20,"column":16},"end":{"line":20,"column":93}},"type":"cond-expr","locations":[{"start":{"line":20,"column":54},"end":{"line":20,"column":69}},{"start":{"line":20,"column":70},"end":{"line":20,"column":93}}],"line":20},"2":{"loc":{"start":{"line":24,"column":16},"end":{"line":24,"column":93}},"type":"cond-expr","locations":[{"start":{"line":24,"column":54},"end":{"line":24,"column":69}},{"start":{"line":24,"column":70},"end":{"line":24,"column":93}}],"line":24},"3":{"loc":{"start":{"line":31,"column":12},"end":{"line":31,"column":89}},"type":"cond-expr","locations":[{"start":{"line":31,"column":50},"end":{"line":31,"column":65}},{"start":{"line":31,"column":66},"end":{"line":31,"column":89}}],"line":31},"4":{"loc":{"start":{"line":69,"column":6},"end":{"line":70,"column":18}},"type":"if","locations":[{"start":{"line":69,"column":6},"end":{"line":70,"column":18}},{"start":{"line":69,"column":6},"end":{"line":70,"column":18}}],"line":69}},"s":{"0":1,"1":1,"2":1,"3":0,"4":1,"5":1,"6":1,"7":0,"8":0,"9":0,"10":0,"11":0,"12":0,"13":0},"f":{"0":0,"1":0,"2":0,"3":0,"4":0,"5":0},"b":{"0":[0,1],"1":[0,0],"2":[0,0],"3":[0,1],"4":[0,0]},"_coverageSchema":"d34fc3e6b8297bcde183f5492bcb8fcb36775295","hash":"623202ab7da676460263ea9d678a50d3b8d14bd3","contentHash":"a035d42cbe6d08d6a2429d919f21777c"},"/Users/shankyrana/dev/influence/influence.io/config/functions/responses/404.js":{"path":"/Users/shankyrana/dev/influence/influence.io/config/functions/responses/404.js","statementMap":{"0":{"start":{"line":3,"column":0},"end":{"line":5,"column":2}}},"fnMap":{"0":{"name":"(anonymous_0)","decl":{"start":{"line":3,"column":17},"end":{"line":3,"column":18}},"loc":{"start":{"line":3,"column":30},"end":{"line":5,"column":1}},"line":3}},"branchMap":{},"s":{"0":1},"f":{"0":0},"b":{},"_coverageSchema":"d34fc3e6b8297bcde183f5492bcb8fcb36775295","hash":"8ca6cc83aac77acd8358a582ee50904075c68f97","contentHash":"ee49f97157e09dfe9208f01775640ab1"},"/Users/shankyrana/dev/influence/influence.io/config/policies/isAuthenticated.js":{"path":"/Users/shankyrana/dev/influence/influence.io/config/policies/isAuthenticated.js","statementMap":{"0":{"start":{"line":7,"column":0},"end":{"line":15,"column":2}},"1":{"start":{"line":9,"column":2},"end":{"line":12,"column":3}},"2":{"start":{"line":11,"column":4},"end":{"line":11,"column":24}},"3":{"start":{"line":14,"column":2},"end":{"line":14,"column":41}}},"fnMap":{"0":{"name":"(anonymous_0)","decl":{"start":{"line":7,"column":17},"end":{"line":7,"column":18}},"loc":{"start":{"line":7,"column":38},"end":{"line":15,"column":1}},"line":7}},"branchMap":{"0":{"loc":{"start":{"line":9,"column":2},"end":{"line":12,"column":3}},"type":"if","locations":[{"start":{"line":9,"column":2},"end":{"line":12,"column":3}},{"start":{"line":9,"column":2},"end":{"line":12,"column":3}}],"line":9}},"s":{"0":1,"1":0,"2":0,"3":0},"f":{"0":0},"b":{"0":[0,0]},"_coverageSchema":"d34fc3e6b8297bcde183f5492bcb8fcb36775295","hash":"d2bc95bf8a1ba9e995e520934611202e6cce9103","contentHash":"cedbaa0de651522837eb619c9814db9a"},"/Users/shankyrana/dev/influence/influence.io/plugins/users-permissions/middlewares/users-permissions/index.js":{"path":"/Users/shankyrana/dev/influence/influence.io/plugins/users-permissions/middlewares/users-permissions/index.js","statementMap":{"0":{"start":{"line":8,"column":10},"end":{"line":8,"column":27}},"1":{"start":{"line":10,"column":0},"end":{"line":36,"column":2}},"2":{"start":{"line":11,"column":2},"end":{"line":35,"column":4}},"3":{"start":{"line":13,"column":6},"end":{"line":13,"column":72}},"4":{"start":{"line":17,"column":6},"end":{"line":21,"column":9}},"5":{"start":{"line":18,"column":8},"end":{"line":20,"column":9}},"6":{"start":{"line":19,"column":10},"end":{"line":19,"column":81}},"7":{"start":{"line":23,"column":6},"end":{"line":31,"column":7}},"8":{"start":{"line":24,"column":8},"end":{"line":30,"column":11}},"9":{"start":{"line":25,"column":10},"end":{"line":29,"column":13}},"10":{"start":{"line":26,"column":12},"end":{"line":28,"column":13}},"11":{"start":{"line":27,"column":14},"end":{"line":27,"column":85}},"12":{"start":{"line":33,"column":6},"end":{"line":33,"column":11}}},"fnMap":{"0":{"name":"(anonymous_0)","decl":{"start":{"line":10,"column":17},"end":{"line":10,"column":18}},"loc":{"start":{"line":10,"column":27},"end":{"line":36,"column":1}},"line":10},"1":{"name":"(anonymous_1)","decl":{"start":{"line":12,"column":22},"end":{"line":12,"column":23}},"loc":{"start":{"line":12,"column":33},"end":{"line":14,"column":5}},"line":12},"2":{"name":"(anonymous_2)","decl":{"start":{"line":16,"column":16},"end":{"line":16,"column":17}},"loc":{"start":{"line":16,"column":29},"end":{"line":34,"column":5}},"line":16},"3":{"name":"(anonymous_3)","decl":{"start":{"line":17,"column":38},"end":{"line":17,"column":39}},"loc":{"start":{"line":17,"column":47},"end":{"line":21,"column":7}},"line":17},"4":{"name":"(anonymous_4)","decl":{"start":{"line":24,"column":34},"end":{"line":24,"column":35}},"loc":{"start":{"line":24,"column":52},"end":{"line":30,"column":9}},"line":24},"5":{"name":"(anonymous_5)","decl":{"start":{"line":25,"column":42},"end":{"line":25,"column":43}},"loc":{"start":{"line":25,"column":51},"end":{"line":29,"column":11}},"line":25}},"branchMap":{"0":{"loc":{"start":{"line":18,"column":8},"end":{"line":20,"column":9}},"type":"if","locations":[{"start":{"line":18,"column":8},"end":{"line":20,"column":9}},{"start":{"line":18,"column":8},"end":{"line":20,"column":9}}],"line":18},"1":{"loc":{"start":{"line":23,"column":6},"end":{"line":31,"column":7}},"type":"if","locations":[{"start":{"line":23,"column":6},"end":{"line":31,"column":7}},{"start":{"line":23,"column":6},"end":{"line":31,"column":7}}],"line":23},"2":{"loc":{"start":{"line":26,"column":12},"end":{"line":28,"column":13}},"type":"if","locations":[{"start":{"line":26,"column":12},"end":{"line":28,"column":13}},{"start":{"line":26,"column":12},"end":{"line":28,"column":13}}],"line":26}},"s":{"0":1,"1":1,"2":3,"3":1,"4":1,"5":133,"6":133,"7":1,"8":1,"9":7,"10":74,"11":74,"12":1},"f":{"0":3,"1":1,"2":1,"3":133,"4":7,"5":74},"b":{"0":[133,0],"1":[1,0],"2":[74,0]},"_coverageSchema":"d34fc3e6b8297bcde183f5492bcb8fcb36775295","hash":"3bfac586bfb740399846a857836d98f946456c5d","contentHash":"a44c79bf86829d2284f20f86d44382be"}}